TN:
SF:/home/gia/Desktop/lucky-position-monorepo/packages/contracts/src/ConfirmedOwner/ConfirmedOwnerUpgradeable.sol
FN:10,__ConfirmedOwner_init
FNF:1
FNH:1
FNDA:1,__ConfirmedOwner_init
DA:11,1
LF:1
LH:1
BRDA:10,1,0,1
BRDA:10,1,1,0
BRF:2
BRH:1
end_of_record
TN:
SF:/home/gia/Desktop/lucky-position-monorepo/packages/contracts/src/ConfirmedOwner/ConfirmedOwnerWithProposalUpgradeable.sol
FN:16,__ConfirmedOwnerWithProposal_init
FN:27,transferOwnership
FN:32,acceptOwnership
FN:44,owner
FN:49,_transferOwnership
FN:59,_validateOwnership
FN:65,onlyOwner
FNF:7
FNH:4
FNDA:1,__ConfirmedOwnerWithProposal_init
FNDA:0,transferOwnership
FNDA:0,acceptOwnership
FNDA:9,owner
FNDA:0,_transferOwnership
FNDA:55,_validateOwnership
FNDA:55,onlyOwner
DA:17,1
DA:19,1
DA:21,1
DA:22,0
DA:28,0
DA:34,0
DA:36,0
DA:37,0
DA:38,0
DA:40,0
DA:45,9
DA:51,0
DA:53,0
DA:55,0
DA:61,55
DA:66,55
DA:67,45
LF:17
LH:7
BRDA:16,1,0,1
BRDA:16,1,1,0
BRDA:17,2,0,1
BRDA:17,2,1,0
BRDA:21,3,0,0
BRDA:21,3,1,1
BRDA:27,4,0,0
BRDA:27,4,1,0
BRDA:34,5,0,0
BRDA:34,5,1,0
BRDA:51,6,0,0
BRDA:51,6,1,0
BRDA:61,7,0,45
BRDA:61,7,1,10
BRF:14
BRH:5
end_of_record
TN:
SF:/home/gia/Desktop/lucky-position-monorepo/packages/contracts/src/DateTime/DateTime.sol
FN:56,_daysFromDate
FN:86,_daysToDate
FN:107,timestampFromDate
FN:111,timestampFromDateTime
FN:127,timestampToDate
FN:133,timestampToDateTime
FN:148,isValidDate
FN:157,isValidDateTime
FN:169,isLeapYear
FN:174,_isLeapYear
FN:178,isWeekDay
FN:182,isWeekEnd
FN:186,getDaysInMonth
FN:191,_getDaysInMonth
FN:202,getDayOfWeek
FN:207,getYear
FN:211,getMonth
FN:215,getDay
FN:219,getHour
FN:224,getMinute
FN:229,getSecond
FN:233,addYears
FN:244,addMonths
FN:257,addDays
FN:262,addHours
FN:267,addMinutes
FN:272,addSeconds
FN:277,subYears
FN:288,subMonths
FN:301,subDays
FN:306,subHours
FN:311,subMinutes
FN:316,subSeconds
FN:321,diffYears
FN:328,diffMonths
FN:335,diffDays
FN:340,diffHours
FN:345,diffMinutes
FN:350,diffSeconds
FNF:39
FNH:2
FNDA:0,_daysFromDate
FNDA:53,_daysToDate
FNDA:0,timestampFromDate
FNDA:0,timestampFromDateTime
FNDA:0,timestampToDate
FNDA:53,timestampToDateTime
FNDA:0,isValidDate
FNDA:0,isValidDateTime
FNDA:0,isLeapYear
FNDA:0,_isLeapYear
FNDA:0,isWeekDay
FNDA:0,isWeekEnd
FNDA:0,getDaysInMonth
FNDA:0,_getDaysInMonth
FNDA:0,getDayOfWeek
FNDA:0,getYear
FNDA:0,getMonth
FNDA:0,getDay
FNDA:0,getHour
FNDA:0,getMinute
FNDA:0,getSecond
FNDA:0,addYears
FNDA:0,addMonths
FNDA:0,addDays
FNDA:0,addHours
FNDA:0,addMinutes
FNDA:0,addSeconds
FNDA:0,subYears
FNDA:0,subMonths
FNDA:0,subDays
FNDA:0,subHours
FNDA:0,subMinutes
FNDA:0,subSeconds
FNDA:0,diffYears
FNDA:0,diffMonths
FNDA:0,diffDays
FNDA:0,diffHours
FNDA:0,diffMinutes
FNDA:0,diffSeconds
DA:57,0
DA:58,0
DA:59,0
DA:60,0
DA:62,0
DA:66,0
DA:87,53
DA:88,53
DA:90,53
DA:91,53
DA:92,53
DA:93,53
DA:94,53
DA:95,53
DA:96,53
DA:97,53
DA:98,53
DA:99,53
DA:101,53
DA:102,53
DA:103,53
DA:108,0
DA:123,0
DA:128,0
DA:129,0
DA:138,53
DA:139,53
DA:140,53
DA:141,53
DA:142,53
DA:143,53
DA:144,53
DA:149,0
DA:150,0
DA:151,0
DA:152,0
DA:162,0
DA:163,0
DA:164,0
DA:170,0
DA:171,0
DA:175,0
DA:179,0
DA:183,0
DA:187,0
DA:188,0
DA:192,0
DA:193,0
DA:195,0
DA:197,0
DA:203,0
DA:204,0
DA:208,0
DA:212,0
DA:216,0
DA:220,0
DA:221,0
DA:225,0
DA:226,0
DA:230,0
DA:234,0
DA:235,0
DA:236,0
DA:237,0
DA:238,0
DA:240,0
DA:241,0
DA:245,0
DA:246,0
DA:247,0
DA:248,0
DA:249,0
DA:250,0
DA:251,0
DA:253,0
DA:254,0
DA:258,0
DA:259,0
DA:263,0
DA:264,0
DA:268,0
DA:269,0
DA:273,0
DA:274,0
DA:278,0
DA:279,0
DA:280,0
DA:281,0
DA:282,0
DA:284,0
DA:285,0
DA:289,0
DA:290,0
DA:291,0
DA:292,0
DA:293,0
DA:294,0
DA:295,0
DA:297,0
DA:298,0
DA:302,0
DA:303,0
DA:307,0
DA:308,0
DA:312,0
DA:313,0
DA:317,0
DA:318,0
DA:322,0
DA:323,0
DA:324,0
DA:325,0
DA:329,0
DA:330,0
DA:331,0
DA:332,0
DA:336,0
DA:337,0
DA:341,0
DA:342,0
DA:346,0
DA:347,0
DA:351,0
DA:352,0
LF:124
LH:22
BRDA:57,1,0,0
BRDA:57,1,1,0
BRDA:149,2,0,0
BRDA:149,2,1,0
BRDA:151,3,0,0
BRDA:151,3,1,0
BRDA:162,4,0,0
BRDA:162,4,1,0
BRDA:163,5,0,0
BRDA:163,5,1,0
BRDA:192,6,0,0
BRDA:192,6,1,0
BRDA:192,7,0,0
BRDA:192,7,1,0
BRDA:192,8,0,0
BRDA:192,8,1,0
BRDA:192,9,0,0
BRDA:192,9,1,0
BRDA:192,10,0,0
BRDA:192,10,1,0
BRDA:192,11,0,0
BRDA:192,11,1,0
BRDA:192,12,0,0
BRDA:192,12,1,0
BRDA:194,13,0,0
BRDA:194,13,1,0
BRDA:197,14,0,0
BRDA:197,14,1,0
BRDA:237,15,0,0
BRDA:237,15,1,0
BRDA:241,16,0,0
BRDA:241,16,1,0
BRDA:250,17,0,0
BRDA:250,17,1,0
BRDA:254,18,0,0
BRDA:254,18,1,0
BRDA:259,19,0,0
BRDA:259,19,1,0
BRDA:264,20,0,0
BRDA:264,20,1,0
BRDA:269,21,0,0
BRDA:269,21,1,0
BRDA:274,22,0,0
BRDA:274,22,1,0
BRDA:281,23,0,0
BRDA:281,23,1,0
BRDA:285,24,0,0
BRDA:285,24,1,0
BRDA:294,25,0,0
BRDA:294,25,1,0
BRDA:298,26,0,0
BRDA:298,26,1,0
BRDA:303,27,0,0
BRDA:303,27,1,0
BRDA:308,28,0,0
BRDA:308,28,1,0
BRDA:313,29,0,0
BRDA:313,29,1,0
BRDA:318,30,0,0
BRDA:318,30,1,0
BRDA:322,31,0,0
BRDA:322,31,1,0
BRDA:329,32,0,0
BRDA:329,32,1,0
BRDA:336,33,0,0
BRDA:336,33,1,0
BRDA:341,34,0,0
BRDA:341,34,1,0
BRDA:346,35,0,0
BRDA:346,35,1,0
BRDA:351,36,0,0
BRDA:351,36,1,0
BRF:72
BRH:0
end_of_record
TN:
SF:/home/gia/Desktop/lucky-position-monorepo/packages/contracts/src/DateTime/DateTimeContract.sol
FN:48,_now
FN:52,_nowDateTime
FN:60,_daysFromDate
FN:64,_daysToDate
FN:68,timestampFromDate
FN:72,timestampFromDateTime
FN:87,timestampToDate
FN:91,timestampToDateTime
FN:99,isValidDate
FN:103,isValidDateTime
FN:111,isLeapYear
FN:115,_isLeapYear
FN:119,isWeekDay
FN:123,isWeekEnd
FN:127,getDaysInMonth
FN:131,_getDaysInMonth
FN:135,getDayOfWeek
FN:139,getYear
FN:143,getMonth
FN:147,getDay
FN:151,getHour
FN:155,getMinute
FN:159,getSecond
FN:163,addYears
FN:167,addMonths
FN:171,addDays
FN:175,addHours
FN:179,addMinutes
FN:183,addSeconds
FN:187,subYears
FN:191,subMonths
FN:195,subDays
FN:199,subHours
FN:203,subMinutes
FN:207,subSeconds
FN:211,diffYears
FN:215,diffMonths
FN:219,diffDays
FN:223,diffHours
FN:227,diffMinutes
FN:231,diffSeconds
FNF:41
FNH:1
FNDA:0,_now
FNDA:0,_nowDateTime
FNDA:0,_daysFromDate
FNDA:0,_daysToDate
FNDA:0,timestampFromDate
FNDA:0,timestampFromDateTime
FNDA:0,timestampToDate
FNDA:53,timestampToDateTime
FNDA:0,isValidDate
FNDA:0,isValidDateTime
FNDA:0,isLeapYear
FNDA:0,_isLeapYear
FNDA:0,isWeekDay
FNDA:0,isWeekEnd
FNDA:0,getDaysInMonth
FNDA:0,_getDaysInMonth
FNDA:0,getDayOfWeek
FNDA:0,getYear
FNDA:0,getMonth
FNDA:0,getDay
FNDA:0,getHour
FNDA:0,getMinute
FNDA:0,getSecond
FNDA:0,addYears
FNDA:0,addMonths
FNDA:0,addDays
FNDA:0,addHours
FNDA:0,addMinutes
FNDA:0,addSeconds
FNDA:0,subYears
FNDA:0,subMonths
FNDA:0,subDays
FNDA:0,subHours
FNDA:0,subMinutes
FNDA:0,subSeconds
FNDA:0,diffYears
FNDA:0,diffMonths
FNDA:0,diffDays
FNDA:0,diffHours
FNDA:0,diffMinutes
FNDA:0,diffSeconds
DA:49,0
DA:57,0
DA:61,0
DA:65,0
DA:69,0
DA:84,0
DA:88,0
DA:96,53
DA:100,0
DA:108,0
DA:112,0
DA:116,0
DA:120,0
DA:124,0
DA:128,0
DA:132,0
DA:136,0
DA:140,0
DA:144,0
DA:148,0
DA:152,0
DA:156,0
DA:160,0
DA:164,0
DA:168,0
DA:172,0
DA:176,0
DA:180,0
DA:184,0
DA:188,0
DA:192,0
DA:196,0
DA:200,0
DA:204,0
DA:208,0
DA:212,0
DA:216,0
DA:220,0
DA:224,0
DA:228,0
DA:232,0
LF:41
LH:1
BRF:0
BRH:0
end_of_record
TN:
SF:/home/gia/Desktop/lucky-position-monorepo/packages/contracts/src/LuckyPosition.sol
FN:83,initialize
FN:96,OwnerOrContract
FN:101,validGameParams
FN:110,_authorizeUpgrade
FN:114,setFeePercentage
FN:124,setGameParams
FN:130,setVRFParameters
FN:137,setAllowedToken
FN:143,setForwarder
FN:149,setResumeTime
FN:158,setPauseTime
FN:166,getCurrentTime
FN:172,isWithinActiveTime
FN:187,pauseGame
FN:194,resumeGame
FN:208,createGame
FN:233,joinGame
FN:260,requestRandomWordsFromContract
FN:275,endGame
FN:289,fulfillRandomWords
FN:315,checkUpkeep
FN:340,performUpkeep
FN:364,getGameDetails
FN:368,getPlayers
FN:371,claimRefund
FN:393,withDrawFee
FNF:26
FNH:25
FNDA:1,initialize
FNDA:23,OwnerOrContract
FNDA:21,validGameParams
FNDA:0,_authorizeUpgrade
FNDA:4,setFeePercentage
FNDA:3,setGameParams
FNDA:3,setVRFParameters
FNDA:3,setAllowedToken
FNDA:3,setForwarder
FNDA:2,setResumeTime
FNDA:2,setPauseTime
FNDA:7,getCurrentTime
FNDA:34,isWithinActiveTime
FNDA:12,pauseGame
FNDA:9,resumeGame
FNDA:15,createGame
FNDA:21,joinGame
FNDA:4,requestRandomWordsFromContract
FNDA:2,endGame
FNDA:2,fulfillRandomWords
FNDA:8,checkUpkeep
FNDA:6,performUpkeep
FNDA:1,getGameDetails
FNDA:1,getPlayers
FNDA:5,claimRefund
FNDA:2,withDrawFee
DA:84,1
DA:85,1
DA:86,1
DA:88,1
DA:89,1
DA:90,1
DA:91,1
DA:92,1
DA:93,1
DA:97,23
DA:98,20
DA:102,21
DA:103,19
DA:107,18
DA:111,0
DA:115,4
DA:116,3
DA:117,2
DA:118,2
DA:125,3
DA:126,3
DA:127,3
DA:131,3
DA:132,3
DA:133,3
DA:134,3
DA:138,3
DA:139,2
DA:140,2
DA:144,3
DA:145,2
DA:146,2
DA:150,2
DA:152,2
DA:153,2
DA:154,2
DA:155,2
DA:159,2
DA:160,2
DA:161,2
DA:162,2
DA:163,2
DA:167,7
DA:169,7
DA:173,34
DA:176,34
DA:180,34
DA:184,34
DA:188,12
DA:189,12
DA:191,12
DA:195,9
DA:196,8
DA:197,8
DA:198,8
DA:200,8
DA:202,8
DA:209,15
DA:210,15
DA:215,13
DA:217,13
DA:219,13
DA:228,13
DA:230,13
DA:234,21
DA:235,20
DA:236,20
DA:238,19
DA:240,19
DA:241,19
DA:245,17
DA:247,16
DA:248,16
DA:249,16
DA:251,16
DA:261,4
DA:263,2
DA:271,2
DA:272,2
DA:276,2
DA:278,2
DA:281,2
DA:283,0
DA:284,0
DA:285,0
DA:290,2
DA:291,2
DA:293,2
DA:295,2
DA:296,2
DA:298,2
DA:300,2
DA:301,2
DA:302,2
DA:304,2
DA:305,2
DA:306,2
DA:308,2
DA:310,2
DA:316,8
DA:317,8
DA:319,8
DA:321,8
DA:322,4
DA:323,4
DA:324,4
DA:327,4
DA:328,0
DA:329,0
DA:330,0
DA:333,4
DA:334,0
DA:335,0
DA:336,0
DA:341,6
DA:343,4
DA:345,4
DA:346,4
DA:347,2
DA:348,2
DA:349,2
DA:350,2
DA:352,2
DA:354,0
DA:356,0
DA:358,0
DA:360,0
DA:365,1
DA:369,1
DA:372,5
DA:374,5
DA:375,5
DA:376,5
DA:378,5
DA:379,4
DA:380,3
DA:382,2
DA:384,2
DA:387,2
DA:388,2
DA:390,2
DA:394,2
DA:395,2
DA:397,1
DA:400,1
DA:401,1
DA:403,1
LF:147
LH:133
BRDA:83,1,0,1
BRDA:83,1,1,1
BRDA:97,2,0,20
BRDA:97,2,1,3
BRDA:97,3,0,14
BRDA:97,3,1,6
BRDA:102,4,0,19
BRDA:102,4,1,2
BRDA:103,5,0,18
BRDA:103,5,1,1
BRDA:110,6,0,0
BRDA:110,6,1,0
BRDA:111,7,0,0
BRDA:111,7,1,0
BRDA:114,8,0,4
BRDA:114,8,1,1
BRDA:115,9,0,3
BRDA:115,9,1,1
BRDA:116,10,0,2
BRDA:116,10,1,1
BRDA:124,11,0,5
BRDA:124,11,1,1
BRDA:124,12,0,3
BRDA:124,12,1,2
BRDA:130,13,0,3
BRDA:130,13,1,1
BRDA:137,14,0,3
BRDA:137,14,1,1
BRDA:138,15,0,2
BRDA:138,15,1,1
BRDA:143,16,0,3
BRDA:143,16,1,1
BRDA:144,17,0,2
BRDA:144,17,1,1
BRDA:149,18,0,2
BRDA:149,18,1,1
BRDA:158,19,0,2
BRDA:158,19,1,1
BRDA:187,20,0,12
BRDA:187,20,1,1
BRDA:194,21,0,9
BRDA:194,21,1,1
BRDA:195,22,0,8
BRDA:195,22,1,1
BRDA:208,23,0,17
BRDA:208,23,1,1
BRDA:208,24,0,16
BRDA:208,24,1,1
BRDA:208,25,0,15
BRDA:208,25,1,1
BRDA:209,26,0,15
BRDA:209,26,1,0
BRDA:210,27,0,13
BRDA:210,27,1,2
BRDA:211,28,0,3
BRDA:211,28,1,10
BRDA:233,29,0,21
BRDA:233,29,1,1
BRDA:234,30,0,20
BRDA:234,30,1,1
BRDA:235,31,0,20
BRDA:235,31,1,0
BRDA:236,32,0,19
BRDA:236,32,1,1
BRDA:238,33,0,19
BRDA:238,33,1,0
BRDA:241,34,0,17
BRDA:241,34,1,2
BRDA:245,35,0,16
BRDA:245,35,1,1
BRDA:260,36,0,4
BRDA:260,36,1,2
BRDA:261,37,0,2
BRDA:261,37,1,2
BRDA:306,38,0,2
BRDA:306,38,1,0
BRDA:315,39,0,8
BRDA:315,39,1,1
BRDA:321,40,0,4
BRDA:321,40,1,4
BRDA:327,41,0,0
BRDA:327,41,1,4
BRDA:333,42,0,0
BRDA:333,42,1,4
BRDA:341,43,0,4
BRDA:341,43,1,2
BRDA:345,44,0,4
BRDA:345,44,1,0
BRDA:346,45,0,2
BRDA:346,45,1,2
BRDA:353,46,0,0
BRDA:353,46,1,0
BRDA:357,47,0,0
BRDA:357,47,1,0
BRDA:378,48,0,4
BRDA:378,48,1,1
BRDA:379,49,0,3
BRDA:379,49,1,1
BRDA:380,50,0,2
BRDA:380,50,1,1
BRDA:388,51,0,2
BRDA:388,51,1,0
BRDA:393,52,0,2
BRDA:393,52,1,1
BRDA:395,53,0,1
BRDA:395,53,1,1
BRDA:401,54,0,1
BRDA:401,54,1,0
BRF:108
BRH:91
end_of_record
TN:
SF:/home/gia/Desktop/lucky-position-monorepo/packages/contracts/src/Mock/MockToken.sol
FN:12,constructor
FN:14,mint
FN:17,setTransferShouldFail
FN:20,transferFrom
FNF:4
FNH:4
FNDA:1,constructor
FNDA:4,mint
FNDA:1,setTransferShouldFail
FNDA:17,transferFrom
DA:15,4
DA:18,1
DA:21,17
DA:22,16
LF:4
LH:4
BRDA:14,1,0,4
BRDA:14,1,1,0
BRDA:21,2,0,16
BRDA:21,2,1,1
BRF:4
BRH:3
end_of_record
TN:
SF:/home/gia/Desktop/lucky-position-monorepo/packages/contracts/src/Mock/VRFCoordinatorV2_5Mock.sol
FN:56,constructor
FN:66,setConfig
FN:81,consumerIsAdded
FN:85,onlyValidConsumer
FN:103,fulfillRandomWords
FN:116,fulfillRandomWordsWithOverride
FN:153,_chargePayment
FN:178,fundSubscription
FN:191,_fromBytes
FN:201,requestRandomWords
FN:238,removeConsumer
FN:259,cancelSubscription
FN:269,pendingRequestExists
FNF:13
FNH:10
FNDA:1,constructor
FNDA:1,setConfig
FNDA:2,consumerIsAdded
FNDA:2,onlyValidConsumer
FNDA:2,fulfillRandomWords
FNDA:2,fulfillRandomWordsWithOverride
FNDA:2,_chargePayment
FNDA:1,fundSubscription
FNDA:2,_fromBytes
FNDA:2,requestRandomWords
FNDA:0,removeConsumer
FNDA:0,cancelSubscription
FNDA:0,pendingRequestExists
DA:57,1
DA:58,1
DA:59,1
DA:60,1
DA:67,1
DA:78,1
DA:82,2
DA:86,2
DA:87,0
DA:89,2
DA:104,2
DA:117,2
DA:118,2
DA:119,0
DA:121,2
DA:123,2
DA:124,2
DA:125,2
DA:126,2
DA:129,0
DA:132,2
DA:133,2
DA:134,2
DA:136,2
DA:137,2
DA:139,2
DA:141,2
DA:142,2
DA:143,2
DA:145,2
DA:147,2
DA:149,2
DA:150,2
DA:154,2
DA:155,2
DA:156,0
DA:157,0
DA:158,0
DA:160,0
DA:161,0
DA:163,2
DA:164,2
DA:165,0
DA:167,2
DA:168,2
DA:179,1
DA:180,0
DA:182,1
DA:183,1
DA:184,1
DA:185,1
DA:192,2
DA:193,0
DA:195,2
DA:196,2
DA:202,2
DA:203,2
DA:204,0
DA:207,2
DA:208,2
DA:210,2
DA:211,2
DA:218,2
DA:229,2
DA:239,0
DA:240,0
DA:242,0
DA:243,0
DA:244,0
DA:245,0
DA:246,0
DA:247,0
DA:248,0
DA:249,0
DA:252,0
DA:253,0
DA:260,0
DA:262,0
DA:263,0
DA:264,0
DA:266,0
DA:270,0
LF:82
LH:52
BRDA:66,1,0,1
BRDA:66,1,1,0
BRDA:86,2,0,0
BRDA:86,2,1,2
BRDA:103,3,0,2
BRDA:103,3,1,0
BRDA:118,4,0,0
BRDA:118,4,1,2
BRDA:123,5,0,2
BRDA:123,5,1,0
BRDA:128,6,0,0
BRDA:128,6,1,0
BRDA:142,7,0,2
BRDA:142,7,1,0
BRDA:155,8,0,0
BRDA:155,8,1,2
BRDA:157,9,0,0
BRDA:157,9,1,0
BRDA:164,10,0,0
BRDA:164,10,1,2
BRDA:179,11,0,0
BRDA:179,11,1,1
BRDA:192,12,0,0
BRDA:192,12,1,2
BRDA:195,13,0,0
BRDA:195,13,1,2
BRDA:201,14,0,2
BRDA:201,14,1,0
BRDA:201,15,0,2
BRDA:201,15,1,0
BRDA:203,16,0,0
BRDA:203,16,1,2
BRDA:238,17,0,0
BRDA:238,17,1,0
BRDA:238,18,0,0
BRDA:238,18,1,0
BRDA:238,19,0,0
BRDA:238,19,1,0
BRDA:239,20,0,0
BRDA:239,20,1,0
BRDA:245,21,0,0
BRDA:245,21,1,0
BRDA:259,22,0,0
BRDA:259,22,1,0
BRDA:259,23,0,0
BRDA:259,23,1,0
BRDA:263,24,0,0
BRDA:263,24,1,0
BRF:48
BRH:14
end_of_record
TN:
SF:/home/gia/Desktop/lucky-position-monorepo/packages/contracts/src/VRFConsumerBaseV2PlusUpgradeable.sol
FN:25,__VRFConsumerBaseV2Plus_init
FN:46,rawFulfillRandomWords
FN:56,setCoordinator
FN:65,onlyOwnerOrCoordinator
FNF:4
FNH:2
FNDA:1,__VRFConsumerBaseV2Plus_init
FNDA:2,rawFulfillRandomWords
FNDA:0,setCoordinator
FNDA:0,onlyOwnerOrCoordinator
DA:26,1
DA:27,1
DA:28,0
DA:30,1
DA:47,2
DA:48,0
DA:50,2
DA:57,0
DA:58,0
DA:60,0
DA:62,0
DA:66,0
DA:67,0
DA:69,0
LF:14
LH:5
BRDA:25,1,0,1
BRDA:25,1,1,0
BRDA:27,2,0,0
BRDA:27,2,1,1
BRDA:47,3,0,0
BRDA:47,3,1,2
BRDA:56,4,0,0
BRDA:56,4,1,0
BRDA:57,5,0,0
BRDA:57,5,1,0
BRDA:66,6,0,0
BRDA:66,6,1,0
BRF:12
BRH:3
end_of_record
