{
"src/ConfirmedOwner/ConfirmedOwnerUpgradeable.sol":{"l":{"11":1},"path":"/home/gia/Desktop/lucky_position/packages/contracts/src/ConfirmedOwner/ConfirmedOwnerUpgradeable.sol","s":{"1":1},"b":{"1":[1,0]},"f":{"1":1},"fnMap":{"1":{"name":"__ConfirmedOwner_init","line":10,"loc":{"start":{"line":10,"column":2},"end":{"line":12,"column":4}}}},"statementMap":{"1":{"start":{"line":11,"column":6},"end":{"line":11,"column":60}}},"branchMap":{"1":{"line":10,"type":"if","locations":[{"start":{"line":10,"column":60},"end":{"line":10,"column":60}},{"start":{"line":10,"column":60},"end":{"line":10,"column":60}}]}}},
"src/ConfirmedOwner/ConfirmedOwnerWithProposalUpgradeable.sol":{"l":{"17":1,"19":1,"21":1,"22":0,"28":0,"34":0,"36":0,"37":0,"38":0,"40":0,"45":9,"51":0,"53":0,"55":0,"61":55,"66":55,"67":45},"path":"/home/gia/Desktop/lucky_position/packages/contracts/src/ConfirmedOwner/ConfirmedOwnerWithProposalUpgradeable.sol","s":{"1":1,"2":1,"3":0,"4":0,"5":0,"6":0,"7":0,"8":9,"9":0,"10":0,"11":55,"12":55},"b":{"1":[1,0],"2":[1,0],"3":[0,1],"4":[0,0],"5":[0,0],"6":[0,0],"7":[45,10]},"f":{"1":1,"2":0,"3":0,"4":9,"5":0,"6":55,"7":55},"fnMap":{"1":{"name":"__ConfirmedOwnerWithProposal_init","line":16,"loc":{"start":{"line":16,"column":2},"end":{"line":24,"column":2}}},"2":{"name":"transferOwnership","line":27,"loc":{"start":{"line":27,"column":2},"end":{"line":29,"column":2}}},"3":{"name":"acceptOwnership","line":32,"loc":{"start":{"line":32,"column":2},"end":{"line":41,"column":2}}},"4":{"name":"owner","line":44,"loc":{"start":{"line":44,"column":2},"end":{"line":46,"column":2}}},"5":{"name":"_transferOwnership","line":49,"loc":{"start":{"line":49,"column":2},"end":{"line":56,"column":2}}},"6":{"name":"_validateOwnership","line":59,"loc":{"start":{"line":59,"column":2},"end":{"line":62,"column":2}}},"7":{"name":"onlyOwner","line":65,"loc":{"start":{"line":65,"column":2},"end":{"line":68,"column":2}}}},"statementMap":{"1":{"start":{"line":17,"column":4},"end":{"line":17,"column":62}},"2":{"start":{"line":21,"column":4},"end":{"line":21,"column":852}},"3":{"start":{"line":22,"column":6},"end":{"line":22,"column":37}},"4":{"start":{"line":28,"column":4},"end":{"line":28,"column":25}},"5":{"start":{"line":34,"column":4},"end":{"line":34,"column":66}},"6":{"start":{"line":36,"column":4},"end":{"line":36,"column":30}},"7":{"start":{"line":40,"column":4},"end":{"line":40,"column":51}},"8":{"start":{"line":45,"column":4},"end":{"line":45,"column":18}},"9":{"start":{"line":51,"column":4},"end":{"line":51,"column":55}},"10":{"start":{"line":55,"column":4},"end":{"line":55,"column":48}},"11":{"start":{"line":61,"column":4},"end":{"line":61,"column":59}},"12":{"start":{"line":66,"column":4},"end":{"line":66,"column":23}}},"branchMap":{"1":{"line":16,"type":"if","locations":[{"start":{"line":16,"column":95},"end":{"line":16,"column":95}},{"start":{"line":16,"column":95},"end":{"line":16,"column":95}}]},"2":{"line":17,"type":"if","locations":[{"start":{"line":17,"column":4},"end":{"line":17,"column":4}},{"start":{"line":17,"column":4},"end":{"line":17,"column":4}}]},"3":{"line":21,"type":"if","locations":[{"start":{"line":21,"column":4},"end":{"line":21,"column":4}},{"start":{"line":21,"column":4},"end":{"line":21,"column":4}}]},"4":{"line":27,"type":"if","locations":[{"start":{"line":27,"column":57},"end":{"line":27,"column":57}},{"start":{"line":27,"column":57},"end":{"line":27,"column":57}}]},"5":{"line":34,"type":"if","locations":[{"start":{"line":34,"column":4},"end":{"line":34,"column":4}},{"start":{"line":34,"column":4},"end":{"line":34,"column":4}}]},"6":{"line":51,"type":"if","locations":[{"start":{"line":51,"column":4},"end":{"line":51,"column":4}},{"start":{"line":51,"column":4},"end":{"line":51,"column":4}}]},"7":{"line":61,"type":"if","locations":[{"start":{"line":61,"column":4},"end":{"line":61,"column":4}},{"start":{"line":61,"column":4},"end":{"line":61,"column":4}}]}}},
"src/DateTime/DateTime.sol":{"l":{"57":0,"58":0,"59":0,"60":0,"62":0,"66":0,"87":51,"88":51,"90":51,"91":51,"92":51,"93":51,"94":51,"95":51,"96":51,"97":51,"98":51,"99":51,"101":51,"102":51,"103":51,"108":0,"123":0,"128":0,"129":0,"138":51,"139":51,"140":51,"141":51,"142":51,"143":51,"144":51,"149":0,"150":0,"151":0,"152":0,"162":0,"163":0,"164":0,"170":0,"171":0,"175":0,"179":0,"183":0,"187":0,"188":0,"192":0,"193":0,"195":0,"197":0,"203":0,"204":0,"208":0,"212":0,"216":0,"220":0,"221":0,"225":0,"226":0,"230":0,"234":0,"235":0,"236":0,"237":0,"238":0,"240":0,"241":0,"245":0,"246":0,"247":0,"248":0,"249":0,"250":0,"251":0,"253":0,"254":0,"258":0,"259":0,"263":0,"264":0,"268":0,"269":0,"273":0,"274":0,"278":0,"279":0,"280":0,"281":0,"282":0,"284":0,"285":0,"289":0,"290":0,"291":0,"292":0,"293":0,"294":0,"295":0,"297":0,"298":0,"302":0,"303":0,"307":0,"308":0,"312":0,"313":0,"317":0,"318":0,"322":0,"323":0,"324":0,"325":0,"329":0,"330":0,"331":0,"332":0,"336":0,"337":0,"341":0,"342":0,"346":0,"347":0,"351":0,"352":0},"path":"/home/gia/Desktop/lucky_position/packages/contracts/src/DateTime/DateTime.sol","s":{"1":0,"2":0,"3":0,"4":0,"5":0,"6":51,"7":51,"8":51,"9":51,"10":51,"11":51,"12":51,"13":0,"14":0,"15":0,"16":0,"17":0,"18":0,"19":0,"20":0,"21":0,"22":0,"23":0,"24":0,"25":0,"26":0,"27":0,"28":0,"29":0,"30":0,"31":0,"32":0,"33":0,"34":0,"35":0,"36":0,"37":0,"38":0,"39":0,"40":0,"41":0,"42":0,"43":0,"44":0,"45":0,"46":0,"47":0,"48":0,"49":0,"50":0,"51":0,"52":0,"53":0,"54":0,"55":0,"56":0,"57":0,"58":0,"59":0},"b":{"1":[0,0],"2":[0,0],"3":[0,0],"4":[0,0],"5":[0,0],"6":[0,0],"7":[0,0],"8":[0,0],"9":[0,0],"10":[0,0],"11":[0,0],"12":[0,0],"13":[0,0],"14":[0,0],"15":[0,0],"16":[0,0],"17":[0,0],"18":[0,0],"19":[0,0],"20":[0,0],"21":[0,0],"22":[0,0],"23":[0,0],"24":[0,0],"25":[0,0],"26":[0,0],"27":[0,0],"28":[0,0],"29":[0,0],"30":[0,0],"31":[0,0],"32":[0,0],"33":[0,0],"34":[0,0],"35":[0,0],"36":[0,0]},"f":{"1":0,"2":51,"3":0,"4":0,"5":0,"6":51,"7":0,"8":0,"9":0,"10":0,"11":0,"12":0,"13":0,"14":0,"15":0,"16":0,"17":0,"18":0,"19":0,"20":0,"21":0,"22":0,"23":0,"24":0,"25":0,"26":0,"27":0,"28":0,"29":0,"30":0,"31":0,"32":0,"33":0,"34":0,"35":0,"36":0,"37":0,"38":0,"39":0},"fnMap":{"1":{"name":"_daysFromDate","line":56,"loc":{"start":{"line":56,"column":4},"end":{"line":67,"column":4}}},"2":{"name":"_daysToDate","line":86,"loc":{"start":{"line":86,"column":4},"end":{"line":105,"column":4}}},"3":{"name":"timestampFromDate","line":107,"loc":{"start":{"line":107,"column":4},"end":{"line":109,"column":4}}},"4":{"name":"timestampFromDateTime","line":111,"loc":{"start":{"line":111,"column":4},"end":{"line":125,"column":4}}},"5":{"name":"timestampToDate","line":127,"loc":{"start":{"line":127,"column":4},"end":{"line":131,"column":4}}},"6":{"name":"timestampToDateTime","line":133,"loc":{"start":{"line":133,"column":4},"end":{"line":146,"column":4}}},"7":{"name":"isValidDate","line":148,"loc":{"start":{"line":148,"column":4},"end":{"line":155,"column":4}}},"8":{"name":"isValidDateTime","line":157,"loc":{"start":{"line":157,"column":4},"end":{"line":167,"column":4}}},"9":{"name":"isLeapYear","line":169,"loc":{"start":{"line":169,"column":4},"end":{"line":172,"column":4}}},"10":{"name":"_isLeapYear","line":174,"loc":{"start":{"line":174,"column":4},"end":{"line":176,"column":4}}},"11":{"name":"isWeekDay","line":178,"loc":{"start":{"line":178,"column":4},"end":{"line":180,"column":4}}},"12":{"name":"isWeekEnd","line":182,"loc":{"start":{"line":182,"column":4},"end":{"line":184,"column":4}}},"13":{"name":"getDaysInMonth","line":186,"loc":{"start":{"line":186,"column":4},"end":{"line":189,"column":4}}},"14":{"name":"_getDaysInMonth","line":191,"loc":{"start":{"line":191,"column":4},"end":{"line":199,"column":4}}},"15":{"name":"getDayOfWeek","line":202,"loc":{"start":{"line":202,"column":4},"end":{"line":205,"column":4}}},"16":{"name":"getYear","line":207,"loc":{"start":{"line":207,"column":4},"end":{"line":209,"column":4}}},"17":{"name":"getMonth","line":211,"loc":{"start":{"line":211,"column":4},"end":{"line":213,"column":4}}},"18":{"name":"getDay","line":215,"loc":{"start":{"line":215,"column":4},"end":{"line":217,"column":4}}},"19":{"name":"getHour","line":219,"loc":{"start":{"line":219,"column":4},"end":{"line":222,"column":4}}},"20":{"name":"getMinute","line":224,"loc":{"start":{"line":224,"column":4},"end":{"line":227,"column":4}}},"21":{"name":"getSecond","line":229,"loc":{"start":{"line":229,"column":4},"end":{"line":231,"column":4}}},"22":{"name":"addYears","line":233,"loc":{"start":{"line":233,"column":4},"end":{"line":242,"column":4}}},"23":{"name":"addMonths","line":244,"loc":{"start":{"line":244,"column":4},"end":{"line":255,"column":4}}},"24":{"name":"addDays","line":257,"loc":{"start":{"line":257,"column":4},"end":{"line":260,"column":4}}},"25":{"name":"addHours","line":262,"loc":{"start":{"line":262,"column":4},"end":{"line":265,"column":4}}},"26":{"name":"addMinutes","line":267,"loc":{"start":{"line":267,"column":4},"end":{"line":270,"column":4}}},"27":{"name":"addSeconds","line":272,"loc":{"start":{"line":272,"column":4},"end":{"line":275,"column":4}}},"28":{"name":"subYears","line":277,"loc":{"start":{"line":277,"column":4},"end":{"line":286,"column":4}}},"29":{"name":"subMonths","line":288,"loc":{"start":{"line":288,"column":4},"end":{"line":299,"column":4}}},"30":{"name":"subDays","line":301,"loc":{"start":{"line":301,"column":4},"end":{"line":304,"column":4}}},"31":{"name":"subHours","line":306,"loc":{"start":{"line":306,"column":4},"end":{"line":309,"column":4}}},"32":{"name":"subMinutes","line":311,"loc":{"start":{"line":311,"column":4},"end":{"line":314,"column":4}}},"33":{"name":"subSeconds","line":316,"loc":{"start":{"line":316,"column":4},"end":{"line":319,"column":4}}},"34":{"name":"diffYears","line":321,"loc":{"start":{"line":321,"column":4},"end":{"line":326,"column":4}}},"35":{"name":"diffMonths","line":328,"loc":{"start":{"line":328,"column":4},"end":{"line":333,"column":4}}},"36":{"name":"diffDays","line":335,"loc":{"start":{"line":335,"column":4},"end":{"line":338,"column":4}}},"37":{"name":"diffHours","line":340,"loc":{"start":{"line":340,"column":4},"end":{"line":343,"column":4}}},"38":{"name":"diffMinutes","line":345,"loc":{"start":{"line":345,"column":4},"end":{"line":348,"column":4}}},"39":{"name":"diffSeconds","line":350,"loc":{"start":{"line":350,"column":4},"end":{"line":353,"column":4}}}},"statementMap":{"1":{"start":{"line":57,"column":8},"end":{"line":57,"column":28}},"2":{"start":{"line":58,"column":8},"end":{"line":58,"column":35}},"3":{"start":{"line":59,"column":8},"end":{"line":59,"column":37}},"4":{"start":{"line":60,"column":8},"end":{"line":60,"column":33}},"5":{"start":{"line":62,"column":8},"end":{"line":62,"column":2382}},"6":{"start":{"line":88,"column":12},"end":{"line":88,"column":41}},"7":{"start":{"line":90,"column":12},"end":{"line":90,"column":54}},"8":{"start":{"line":91,"column":12},"end":{"line":91,"column":39}},"9":{"start":{"line":93,"column":12},"end":{"line":93,"column":53}},"10":{"start":{"line":95,"column":12},"end":{"line":95,"column":43}},"11":{"start":{"line":96,"column":12},"end":{"line":96,"column":50}},"12":{"start":{"line":140,"column":12},"end":{"line":140,"column":54}},"13":{"start":{"line":149,"column":8},"end":{"line":149,"column":5560}},"14":{"start":{"line":150,"column":12},"end":{"line":150,"column":62}},"15":{"start":{"line":151,"column":12},"end":{"line":151,"column":5688}},"16":{"start":{"line":162,"column":8},"end":{"line":162,"column":5972}},"17":{"start":{"line":163,"column":12},"end":{"line":163,"column":6025}},"18":{"start":{"line":170,"column":8},"end":{"line":170,"column":67}},"19":{"start":{"line":187,"column":8},"end":{"line":187,"column":81}},"20":{"start":{"line":192,"column":8},"end":{"line":192,"column":7123}},"21":{"start":{"line":194,"column":15},"end":{"line":194,"column":7272}},"22":{"start":{"line":203,"column":8},"end":{"line":203,"column":51}},"23":{"start":{"line":220,"column":8},"end":{"line":220,"column":50}},"24":{"start":{"line":225,"column":8},"end":{"line":225,"column":51}},"25":{"start":{"line":234,"column":8},"end":{"line":234,"column":93}},"26":{"start":{"line":236,"column":8},"end":{"line":236,"column":58}},"27":{"start":{"line":237,"column":8},"end":{"line":237,"column":8869}},"28":{"start":{"line":241,"column":8},"end":{"line":241,"column":41}},"29":{"start":{"line":245,"column":8},"end":{"line":245,"column":93}},"30":{"start":{"line":249,"column":8},"end":{"line":249,"column":58}},"31":{"start":{"line":250,"column":8},"end":{"line":250,"column":9461}},"32":{"start":{"line":254,"column":8},"end":{"line":254,"column":41}},"33":{"start":{"line":259,"column":8},"end":{"line":259,"column":41}},"34":{"start":{"line":264,"column":8},"end":{"line":264,"column":41}},"35":{"start":{"line":269,"column":8},"end":{"line":269,"column":41}},"36":{"start":{"line":274,"column":8},"end":{"line":274,"column":41}},"37":{"start":{"line":278,"column":8},"end":{"line":278,"column":93}},"38":{"start":{"line":280,"column":8},"end":{"line":280,"column":58}},"39":{"start":{"line":281,"column":8},"end":{"line":281,"column":10834}},"40":{"start":{"line":285,"column":8},"end":{"line":285,"column":41}},"41":{"start":{"line":289,"column":8},"end":{"line":289,"column":93}},"42":{"start":{"line":290,"column":8},"end":{"line":290,"column":61}},"43":{"start":{"line":293,"column":8},"end":{"line":293,"column":58}},"44":{"start":{"line":294,"column":8},"end":{"line":294,"column":11458}},"45":{"start":{"line":298,"column":8},"end":{"line":298,"column":41}},"46":{"start":{"line":303,"column":8},"end":{"line":303,"column":41}},"47":{"start":{"line":308,"column":8},"end":{"line":308,"column":41}},"48":{"start":{"line":313,"column":8},"end":{"line":313,"column":41}},"49":{"start":{"line":318,"column":8},"end":{"line":318,"column":41}},"50":{"start":{"line":322,"column":8},"end":{"line":322,"column":44}},"51":{"start":{"line":323,"column":8},"end":{"line":323,"column":75}},"52":{"start":{"line":324,"column":8},"end":{"line":324,"column":71}},"53":{"start":{"line":329,"column":8},"end":{"line":329,"column":44}},"54":{"start":{"line":330,"column":8},"end":{"line":330,"column":93}},"55":{"start":{"line":331,"column":8},"end":{"line":331,"column":87}},"56":{"start":{"line":336,"column":8},"end":{"line":336,"column":44}},"57":{"start":{"line":341,"column":8},"end":{"line":341,"column":44}},"58":{"start":{"line":346,"column":8},"end":{"line":346,"column":44}},"59":{"start":{"line":351,"column":8},"end":{"line":351,"column":44}}},"branchMap":{"1":{"line":57,"type":"if","locations":[{"start":{"line":57,"column":8},"end":{"line":57,"column":8}},{"start":{"line":57,"column":8},"end":{"line":57,"column":8}}]},"2":{"line":149,"type":"if","locations":[{"start":{"line":149,"column":8},"end":{"line":149,"column":8}},{"start":{"line":149,"column":8},"end":{"line":149,"column":8}}]},"3":{"line":151,"type":"if","locations":[{"start":{"line":151,"column":12},"end":{"line":151,"column":12}},{"start":{"line":151,"column":12},"end":{"line":151,"column":12}}]},"4":{"line":162,"type":"if","locations":[{"start":{"line":162,"column":8},"end":{"line":162,"column":8}},{"start":{"line":162,"column":8},"end":{"line":162,"column":8}}]},"5":{"line":163,"type":"if","locations":[{"start":{"line":163,"column":12},"end":{"line":163,"column":12}},{"start":{"line":163,"column":12},"end":{"line":163,"column":12}}]},"6":{"line":192,"type":"if","locations":[{"start":{"line":192,"column":8},"end":{"line":192,"column":8}},{"start":{"line":192,"column":8},"end":{"line":192,"column":8}}]},"7":{"line":192,"type":"cond-expr","locations":[{"start":{"line":192,"column":12},"end":{"line":192,"column":21}},{"start":{"line":192,"column":26},"end":{"line":192,"column":35}}]},"8":{"line":192,"type":"cond-expr","locations":[{"start":{"line":192,"column":12},"end":{"line":192,"column":35}},{"start":{"line":192,"column":40},"end":{"line":192,"column":49}}]},"9":{"line":192,"type":"cond-expr","locations":[{"start":{"line":192,"column":12},"end":{"line":192,"column":49}},{"start":{"line":192,"column":54},"end":{"line":192,"column":63}}]},"10":{"line":192,"type":"cond-expr","locations":[{"start":{"line":192,"column":12},"end":{"line":192,"column":63}},{"start":{"line":192,"column":68},"end":{"line":192,"column":77}}]},"11":{"line":192,"type":"cond-expr","locations":[{"start":{"line":192,"column":12},"end":{"line":192,"column":77}},{"start":{"line":192,"column":82},"end":{"line":192,"column":92}}]},"12":{"line":192,"type":"cond-expr","locations":[{"start":{"line":192,"column":12},"end":{"line":192,"column":92}},{"start":{"line":192,"column":97},"end":{"line":192,"column":107}}]},"13":{"line":194,"type":"if","locations":[{"start":{"line":194,"column":15},"end":{"line":194,"column":15}},{"start":{"line":194,"column":15},"end":{"line":194,"column":15}}]},"14":{"line":197,"type":"if","locations":[{"start":{"line":197,"column":46},"end":{"line":197,"column":47}},{"start":{"line":197,"column":51},"end":{"line":197,"column":52}}]},"15":{"line":237,"type":"if","locations":[{"start":{"line":237,"column":8},"end":{"line":237,"column":8}},{"start":{"line":237,"column":8},"end":{"line":237,"column":8}}]},"16":{"line":241,"type":"if","locations":[{"start":{"line":241,"column":8},"end":{"line":241,"column":8}},{"start":{"line":241,"column":8},"end":{"line":241,"column":8}}]},"17":{"line":250,"type":"if","locations":[{"start":{"line":250,"column":8},"end":{"line":250,"column":8}},{"start":{"line":250,"column":8},"end":{"line":250,"column":8}}]},"18":{"line":254,"type":"if","locations":[{"start":{"line":254,"column":8},"end":{"line":254,"column":8}},{"start":{"line":254,"column":8},"end":{"line":254,"column":8}}]},"19":{"line":259,"type":"if","locations":[{"start":{"line":259,"column":8},"end":{"line":259,"column":8}},{"start":{"line":259,"column":8},"end":{"line":259,"column":8}}]},"20":{"line":264,"type":"if","locations":[{"start":{"line":264,"column":8},"end":{"line":264,"column":8}},{"start":{"line":264,"column":8},"end":{"line":264,"column":8}}]},"21":{"line":269,"type":"if","locations":[{"start":{"line":269,"column":8},"end":{"line":269,"column":8}},{"start":{"line":269,"column":8},"end":{"line":269,"column":8}}]},"22":{"line":274,"type":"if","locations":[{"start":{"line":274,"column":8},"end":{"line":274,"column":8}},{"start":{"line":274,"column":8},"end":{"line":274,"column":8}}]},"23":{"line":281,"type":"if","locations":[{"start":{"line":281,"column":8},"end":{"line":281,"column":8}},{"start":{"line":281,"column":8},"end":{"line":281,"column":8}}]},"24":{"line":285,"type":"if","locations":[{"start":{"line":285,"column":8},"end":{"line":285,"column":8}},{"start":{"line":285,"column":8},"end":{"line":285,"column":8}}]},"25":{"line":294,"type":"if","locations":[{"start":{"line":294,"column":8},"end":{"line":294,"column":8}},{"start":{"line":294,"column":8},"end":{"line":294,"column":8}}]},"26":{"line":298,"type":"if","locations":[{"start":{"line":298,"column":8},"end":{"line":298,"column":8}},{"start":{"line":298,"column":8},"end":{"line":298,"column":8}}]},"27":{"line":303,"type":"if","locations":[{"start":{"line":303,"column":8},"end":{"line":303,"column":8}},{"start":{"line":303,"column":8},"end":{"line":303,"column":8}}]},"28":{"line":308,"type":"if","locations":[{"start":{"line":308,"column":8},"end":{"line":308,"column":8}},{"start":{"line":308,"column":8},"end":{"line":308,"column":8}}]},"29":{"line":313,"type":"if","locations":[{"start":{"line":313,"column":8},"end":{"line":313,"column":8}},{"start":{"line":313,"column":8},"end":{"line":313,"column":8}}]},"30":{"line":318,"type":"if","locations":[{"start":{"line":318,"column":8},"end":{"line":318,"column":8}},{"start":{"line":318,"column":8},"end":{"line":318,"column":8}}]},"31":{"line":322,"type":"if","locations":[{"start":{"line":322,"column":8},"end":{"line":322,"column":8}},{"start":{"line":322,"column":8},"end":{"line":322,"column":8}}]},"32":{"line":329,"type":"if","locations":[{"start":{"line":329,"column":8},"end":{"line":329,"column":8}},{"start":{"line":329,"column":8},"end":{"line":329,"column":8}}]},"33":{"line":336,"type":"if","locations":[{"start":{"line":336,"column":8},"end":{"line":336,"column":8}},{"start":{"line":336,"column":8},"end":{"line":336,"column":8}}]},"34":{"line":341,"type":"if","locations":[{"start":{"line":341,"column":8},"end":{"line":341,"column":8}},{"start":{"line":341,"column":8},"end":{"line":341,"column":8}}]},"35":{"line":346,"type":"if","locations":[{"start":{"line":346,"column":8},"end":{"line":346,"column":8}},{"start":{"line":346,"column":8},"end":{"line":346,"column":8}}]},"36":{"line":351,"type":"if","locations":[{"start":{"line":351,"column":8},"end":{"line":351,"column":8}},{"start":{"line":351,"column":8},"end":{"line":351,"column":8}}]}}},
"src/DateTime/DateTimeContract.sol":{"l":{"49":0,"57":0,"61":0,"65":0,"69":0,"84":0,"88":0,"96":51,"100":0,"108":0,"112":0,"116":0,"120":0,"124":0,"128":0,"132":0,"136":0,"140":0,"144":0,"148":0,"152":0,"156":0,"160":0,"164":0,"168":0,"172":0,"176":0,"180":0,"184":0,"188":0,"192":0,"196":0,"200":0,"204":0,"208":0,"212":0,"216":0,"220":0,"224":0,"228":0,"232":0},"path":"/home/gia/Desktop/lucky_position/packages/contracts/src/DateTime/DateTimeContract.sol","s":{"1":0,"2":0,"3":0,"4":0},"b":{},"f":{"1":0,"2":0,"3":0,"4":0,"5":0,"6":0,"7":0,"8":51,"9":0,"10":0,"11":0,"12":0,"13":0,"14":0,"15":0,"16":0,"17":0,"18":0,"19":0,"20":0,"21":0,"22":0,"23":0,"24":0,"25":0,"26":0,"27":0,"28":0,"29":0,"30":0,"31":0,"32":0,"33":0,"34":0,"35":0,"36":0,"37":0,"38":0,"39":0,"40":0,"41":0},"fnMap":{"1":{"name":"_now","line":48,"loc":{"start":{"line":48,"column":4},"end":{"line":50,"column":4}}},"2":{"name":"_nowDateTime","line":52,"loc":{"start":{"line":52,"column":4},"end":{"line":58,"column":4}}},"3":{"name":"_daysFromDate","line":60,"loc":{"start":{"line":60,"column":4},"end":{"line":62,"column":4}}},"4":{"name":"_daysToDate","line":64,"loc":{"start":{"line":64,"column":4},"end":{"line":66,"column":4}}},"5":{"name":"timestampFromDate","line":68,"loc":{"start":{"line":68,"column":4},"end":{"line":70,"column":4}}},"6":{"name":"timestampFromDateTime","line":72,"loc":{"start":{"line":72,"column":4},"end":{"line":85,"column":4}}},"7":{"name":"timestampToDate","line":87,"loc":{"start":{"line":87,"column":4},"end":{"line":89,"column":4}}},"8":{"name":"timestampToDateTime","line":91,"loc":{"start":{"line":91,"column":4},"end":{"line":97,"column":4}}},"9":{"name":"isValidDate","line":99,"loc":{"start":{"line":99,"column":4},"end":{"line":101,"column":4}}},"10":{"name":"isValidDateTime","line":103,"loc":{"start":{"line":103,"column":4},"end":{"line":109,"column":4}}},"11":{"name":"isLeapYear","line":111,"loc":{"start":{"line":111,"column":4},"end":{"line":113,"column":4}}},"12":{"name":"_isLeapYear","line":115,"loc":{"start":{"line":115,"column":4},"end":{"line":117,"column":4}}},"13":{"name":"isWeekDay","line":119,"loc":{"start":{"line":119,"column":4},"end":{"line":121,"column":4}}},"14":{"name":"isWeekEnd","line":123,"loc":{"start":{"line":123,"column":4},"end":{"line":125,"column":4}}},"15":{"name":"getDaysInMonth","line":127,"loc":{"start":{"line":127,"column":4},"end":{"line":129,"column":4}}},"16":{"name":"_getDaysInMonth","line":131,"loc":{"start":{"line":131,"column":4},"end":{"line":133,"column":4}}},"17":{"name":"getDayOfWeek","line":135,"loc":{"start":{"line":135,"column":4},"end":{"line":137,"column":4}}},"18":{"name":"getYear","line":139,"loc":{"start":{"line":139,"column":4},"end":{"line":141,"column":4}}},"19":{"name":"getMonth","line":143,"loc":{"start":{"line":143,"column":4},"end":{"line":145,"column":4}}},"20":{"name":"getDay","line":147,"loc":{"start":{"line":147,"column":4},"end":{"line":149,"column":4}}},"21":{"name":"getHour","line":151,"loc":{"start":{"line":151,"column":4},"end":{"line":153,"column":4}}},"22":{"name":"getMinute","line":155,"loc":{"start":{"line":155,"column":4},"end":{"line":157,"column":4}}},"23":{"name":"getSecond","line":159,"loc":{"start":{"line":159,"column":4},"end":{"line":161,"column":4}}},"24":{"name":"addYears","line":163,"loc":{"start":{"line":163,"column":4},"end":{"line":165,"column":4}}},"25":{"name":"addMonths","line":167,"loc":{"start":{"line":167,"column":4},"end":{"line":169,"column":4}}},"26":{"name":"addDays","line":171,"loc":{"start":{"line":171,"column":4},"end":{"line":173,"column":4}}},"27":{"name":"addHours","line":175,"loc":{"start":{"line":175,"column":4},"end":{"line":177,"column":4}}},"28":{"name":"addMinutes","line":179,"loc":{"start":{"line":179,"column":4},"end":{"line":181,"column":4}}},"29":{"name":"addSeconds","line":183,"loc":{"start":{"line":183,"column":4},"end":{"line":185,"column":4}}},"30":{"name":"subYears","line":187,"loc":{"start":{"line":187,"column":4},"end":{"line":189,"column":4}}},"31":{"name":"subMonths","line":191,"loc":{"start":{"line":191,"column":4},"end":{"line":193,"column":4}}},"32":{"name":"subDays","line":195,"loc":{"start":{"line":195,"column":4},"end":{"line":197,"column":4}}},"33":{"name":"subHours","line":199,"loc":{"start":{"line":199,"column":4},"end":{"line":201,"column":4}}},"34":{"name":"subMinutes","line":203,"loc":{"start":{"line":203,"column":4},"end":{"line":205,"column":4}}},"35":{"name":"subSeconds","line":207,"loc":{"start":{"line":207,"column":4},"end":{"line":209,"column":4}}},"36":{"name":"diffYears","line":211,"loc":{"start":{"line":211,"column":4},"end":{"line":213,"column":4}}},"37":{"name":"diffMonths","line":215,"loc":{"start":{"line":215,"column":4},"end":{"line":217,"column":4}}},"38":{"name":"diffDays","line":219,"loc":{"start":{"line":219,"column":4},"end":{"line":221,"column":4}}},"39":{"name":"diffHours","line":223,"loc":{"start":{"line":223,"column":4},"end":{"line":225,"column":4}}},"40":{"name":"diffMinutes","line":227,"loc":{"start":{"line":227,"column":4},"end":{"line":229,"column":4}}},"41":{"name":"diffSeconds","line":231,"loc":{"start":{"line":231,"column":4},"end":{"line":233,"column":4}}}},"statementMap":{"1":{"start":{"line":61,"column":8},"end":{"line":61,"column":55}},"2":{"start":{"line":65,"column":8},"end":{"line":65,"column":42}},"3":{"start":{"line":69,"column":8},"end":{"line":69,"column":59}},"4":{"start":{"line":84,"column":8},"end":{"line":84,"column":85}}},"branchMap":{}},
"src/LuckyPosition.sol":{"l":{"84":1,"85":1,"86":1,"88":1,"89":1,"90":1,"91":1,"92":1,"93":1,"97":22,"98":19,"102":20,"103":18,"107":17,"111":0,"115":4,"116":3,"117":2,"118":2,"125":3,"126":3,"127":3,"131":3,"132":3,"133":3,"134":3,"138":3,"139":2,"140":2,"144":3,"145":2,"146":2,"150":2,"152":2,"153":2,"154":2,"155":2,"159":2,"160":2,"161":2,"162":2,"163":2,"167":7,"169":7,"173":33,"176":33,"180":33,"184":33,"188":12,"189":12,"191":12,"195":9,"196":8,"197":8,"198":8,"200":8,"202":8,"209":14,"210":14,"215":12,"217":12,"219":12,"228":12,"230":12,"234":21,"235":20,"236":20,"238":19,"240":19,"241":19,"245":17,"247":16,"248":16,"249":16,"251":16,"261":4,"263":2,"271":2,"272":2,"276":2,"278":2,"281":2,"283":0,"284":0,"285":0,"290":2,"291":2,"293":2,"295":2,"296":2,"298":2,"300":2,"301":2,"302":2,"304":2,"305":2,"306":2,"308":2,"310":2,"316":7,"317":7,"319":7,"321":7,"322":3,"323":3,"324":3,"327":4,"328":0,"329":0,"330":0,"333":4,"334":0,"335":0,"336":0,"341":5,"343":3,"345":3,"346":3,"347":1,"348":1,"349":1,"350":1,"352":2,"354":0,"356":0,"358":0,"360":0,"365":1,"369":1,"372":5,"374":5,"375":5,"376":5,"378":5,"379":4,"380":3,"382":2,"384":2,"387":2,"388":2,"390":2,"394":2,"395":2,"397":1,"400":1,"401":1,"403":1},"path":"/home/gia/Desktop/lucky_position/packages/contracts/src/LuckyPosition.sol","s":{"1":1,"2":1,"3":22,"4":20,"5":18,"6":0,"7":4,"8":3,"9":2,"10":3,"11":3,"12":3,"13":2,"14":3,"15":2,"16":2,"17":2,"18":2,"19":2,"20":7,"21":7,"22":33,"23":33,"24":33,"25":33,"26":12,"27":12,"28":9,"29":8,"30":8,"31":8,"32":8,"33":14,"34":14,"35":12,"36":12,"37":21,"38":20,"39":20,"40":19,"41":19,"42":19,"43":17,"44":16,"45":16,"46":4,"47":2,"48":2,"49":2,"50":0,"51":0,"52":2,"53":2,"54":2,"55":2,"56":2,"57":2,"58":2,"59":2,"60":2,"61":2,"62":2,"63":2,"64":7,"65":7,"66":3,"67":4,"68":0,"69":4,"70":0,"71":5,"72":3,"73":3,"74":3,"75":1,"76":1,"77":1,"78":2,"79":0,"80":0,"81":0,"82":0,"83":1,"84":1,"85":5,"86":5,"87":5,"88":5,"89":5,"90":4,"91":3,"92":2,"93":2,"94":2,"95":2,"96":2,"97":1,"98":1,"99":1},"b":{"1":[1,1],"2":[19,3],"3":[13,6],"4":[18,2],"5":[17,1],"6":[0,0],"7":[0,0],"8":[4,1],"9":[3,1],"10":[2,1],"11":[5,1],"12":[3,2],"13":[3,1],"14":[3,1],"15":[2,1],"16":[3,1],"17":[2,1],"18":[2,1],"19":[2,1],"20":[12,1],"21":[9,1],"22":[8,1],"23":[16,1],"24":[15,1],"25":[14,1],"26":[14,0],"27":[12,2],"28":[3,9],"29":[21,1],"30":[20,1],"31":[20,0],"32":[19,1],"33":[19,0],"34":[17,2],"35":[16,1],"36":[4,2],"37":[2,2],"38":[2,0],"39":[7,1],"40":[3,4],"41":[0,4],"42":[0,4],"43":[3,2],"44":[3,0],"45":[1,2],"46":[0,0],"47":[0,0],"48":[4,1],"49":[3,1],"50":[2,1],"51":[2,0],"52":[2,1],"53":[1,1],"54":[1,0]},"f":{"1":1,"2":22,"3":20,"4":0,"5":4,"6":3,"7":3,"8":3,"9":3,"10":2,"11":2,"12":7,"13":33,"14":12,"15":9,"16":14,"17":21,"18":4,"19":2,"20":2,"21":7,"22":5,"23":1,"24":1,"25":5,"26":2},"fnMap":{"1":{"name":"initialize","line":83,"loc":{"start":{"line":77,"column":4},"end":{"line":94,"column":4}}},"2":{"name":"OwnerOrContract","line":96,"loc":{"start":{"line":96,"column":4},"end":{"line":99,"column":4}}},"3":{"name":"validGameParams","line":101,"loc":{"start":{"line":101,"column":4},"end":{"line":108,"column":4}}},"4":{"name":"_authorizeUpgrade","line":110,"loc":{"start":{"line":110,"column":4},"end":{"line":112,"column":4}}},"5":{"name":"setFeePercentage","line":114,"loc":{"start":{"line":114,"column":4},"end":{"line":119,"column":4}}},"6":{"name":"setGameParams","line":124,"loc":{"start":{"line":121,"column":4},"end":{"line":128,"column":4}}},"7":{"name":"setVRFParameters","line":130,"loc":{"start":{"line":130,"column":4},"end":{"line":135,"column":4}}},"8":{"name":"setAllowedToken","line":137,"loc":{"start":{"line":137,"column":4},"end":{"line":141,"column":4}}},"9":{"name":"setForwarder","line":143,"loc":{"start":{"line":143,"column":4},"end":{"line":147,"column":4}}},"10":{"name":"setResumeTime","line":149,"loc":{"start":{"line":149,"column":4},"end":{"line":156,"column":4}}},"11":{"name":"setPauseTime","line":158,"loc":{"start":{"line":158,"column":4},"end":{"line":164,"column":4}}},"12":{"name":"getCurrentTime","line":166,"loc":{"start":{"line":166,"column":4},"end":{"line":170,"column":4}}},"13":{"name":"isWithinActiveTime","line":172,"loc":{"start":{"line":172,"column":4},"end":{"line":185,"column":4}}},"14":{"name":"pauseGame","line":187,"loc":{"start":{"line":187,"column":4},"end":{"line":192,"column":4}}},"15":{"name":"resumeGame","line":194,"loc":{"start":{"line":194,"column":4},"end":{"line":203,"column":4}}},"16":{"name":"createGame","line":208,"loc":{"start":{"line":205,"column":4},"end":{"line":231,"column":4}}},"17":{"name":"joinGame","line":233,"loc":{"start":{"line":233,"column":4},"end":{"line":252,"column":4}}},"18":{"name":"requestRandomWordsFromContract","line":260,"loc":{"start":{"line":254,"column":4},"end":{"line":273,"column":4}}},"19":{"name":"endGame","line":275,"loc":{"start":{"line":275,"column":4},"end":{"line":287,"column":4}}},"20":{"name":"fulfillRandomWords","line":289,"loc":{"start":{"line":289,"column":4},"end":{"line":311,"column":4}}},"21":{"name":"checkUpkeep","line":315,"loc":{"start":{"line":313,"column":4},"end":{"line":338,"column":4}}},"22":{"name":"performUpkeep","line":340,"loc":{"start":{"line":340,"column":4},"end":{"line":362,"column":4}}},"23":{"name":"getGameDetails","line":364,"loc":{"start":{"line":364,"column":4},"end":{"line":366,"column":4}}},"24":{"name":"getPlayers","line":368,"loc":{"start":{"line":368,"column":4},"end":{"line":370,"column":4}}},"25":{"name":"claimRefund","line":371,"loc":{"start":{"line":371,"column":4},"end":{"line":391,"column":4}}},"26":{"name":"withDrawFee","line":393,"loc":{"start":{"line":393,"column":4},"end":{"line":404,"column":4}}}},"statementMap":{"1":{"start":{"line":84,"column":8},"end":{"line":84,"column":85}},"2":{"start":{"line":86,"column":8},"end":{"line":86,"column":24}},"3":{"start":{"line":97,"column":8},"end":{"line":97,"column":86}},"4":{"start":{"line":102,"column":8},"end":{"line":102,"column":71}},"5":{"start":{"line":103,"column":8},"end":{"line":103,"column":3630}},"6":{"start":{"line":111,"column":8},"end":{"line":111,"column":81}},"7":{"start":{"line":115,"column":8},"end":{"line":115,"column":62}},"8":{"start":{"line":116,"column":8},"end":{"line":116,"column":63}},"9":{"start":{"line":118,"column":8},"end":{"line":118,"column":39}},"10":{"start":{"line":127,"column":8},"end":{"line":127,"column":55}},"11":{"start":{"line":134,"column":8},"end":{"line":134,"column":77}},"12":{"start":{"line":138,"column":8},"end":{"line":138,"column":61}},"13":{"start":{"line":140,"column":8},"end":{"line":140,"column":40}},"14":{"start":{"line":144,"column":8},"end":{"line":144,"column":76}},"15":{"start":{"line":146,"column":8},"end":{"line":146,"column":48}},"16":{"start":{"line":150,"column":8},"end":{"line":150,"column":110}},"17":{"start":{"line":155,"column":8},"end":{"line":155,"column":52}},"18":{"start":{"line":159,"column":8},"end":{"line":159,"column":110}},"19":{"start":{"line":163,"column":8},"end":{"line":163,"column":51}},"20":{"start":{"line":167,"column":8},"end":{"line":167,"column":6130}},"21":{"start":{"line":169,"column":8},"end":{"line":169,"column":58}},"22":{"start":{"line":173,"column":8},"end":{"line":173,"column":6412}},"23":{"start":{"line":176,"column":8},"end":{"line":176,"column":6621}},"24":{"start":{"line":180,"column":8},"end":{"line":180,"column":6862}},"25":{"start":{"line":184,"column":8},"end":{"line":184,"column":53}},"26":{"start":{"line":189,"column":8},"end":{"line":189,"column":15}},"27":{"start":{"line":191,"column":8},"end":{"line":191,"column":25}},"28":{"start":{"line":195,"column":8},"end":{"line":195,"column":113}},"29":{"start":{"line":196,"column":8},"end":{"line":196,"column":17}},"30":{"start":{"line":198,"column":8},"end":{"line":198,"column":36}},"31":{"start":{"line":200,"column":8},"end":{"line":200,"column":45}},"32":{"start":{"line":202,"column":8},"end":{"line":202,"column":26}},"33":{"start":{"line":209,"column":8},"end":{"line":209,"column":85}},"34":{"start":{"line":210,"column":8},"end":{"line":210,"column":7849}},"35":{"start":{"line":215,"column":8},"end":{"line":215,"column":53}},"36":{"start":{"line":230,"column":8},"end":{"line":230,"column":77}},"37":{"start":{"line":234,"column":8},"end":{"line":234,"column":85}},"38":{"start":{"line":235,"column":8},"end":{"line":235,"column":85}},"39":{"start":{"line":236,"column":8},"end":{"line":236,"column":79}},"40":{"start":{"line":238,"column":8},"end":{"line":238,"column":76}},"41":{"start":{"line":240,"column":8},"end":{"line":240,"column":43}},"42":{"start":{"line":241,"column":8},"end":{"line":241,"column":8917}},"43":{"start":{"line":245,"column":8},"end":{"line":245,"column":118}},"44":{"start":{"line":248,"column":8},"end":{"line":248,"column":37}},"45":{"start":{"line":251,"column":8},"end":{"line":251,"column":37}},"46":{"start":{"line":261,"column":8},"end":{"line":261,"column":82}},"47":{"start":{"line":263,"column":8},"end":{"line":263,"column":9769}},"48":{"start":{"line":272,"column":8},"end":{"line":272,"column":24}},"49":{"start":{"line":278,"column":8},"end":{"line":278,"column":10397}},"50":{"start":{"line":284,"column":12},"end":{"line":284,"column":40}},"51":{"start":{"line":285,"column":12},"end":{"line":285,"column":49}},"52":{"start":{"line":290,"column":8},"end":{"line":290,"column":53}},"53":{"start":{"line":291,"column":8},"end":{"line":291,"column":41}},"54":{"start":{"line":293,"column":8},"end":{"line":293,"column":50}},"55":{"start":{"line":295,"column":8},"end":{"line":295,"column":58}},"56":{"start":{"line":296,"column":8},"end":{"line":296,"column":51}},"57":{"start":{"line":300,"column":8},"end":{"line":300,"column":60}},"58":{"start":{"line":302,"column":8},"end":{"line":302,"column":45}},"59":{"start":{"line":304,"column":8},"end":{"line":304,"column":43}},"60":{"start":{"line":305,"column":8},"end":{"line":305,"column":116}},"61":{"start":{"line":306,"column":8},"end":{"line":306,"column":49}},"62":{"start":{"line":308,"column":8},"end":{"line":308,"column":45}},"63":{"start":{"line":310,"column":8},"end":{"line":310,"column":38}},"64":{"start":{"line":319,"column":8},"end":{"line":319,"column":95}},"65":{"start":{"line":321,"column":8},"end":{"line":321,"column":11944}},"66":{"start":{"line":324,"column":12},"end":{"line":324,"column":46}},"67":{"start":{"line":327,"column":8},"end":{"line":327,"column":12197}},"68":{"start":{"line":330,"column":12},"end":{"line":330,"column":46}},"69":{"start":{"line":333,"column":8},"end":{"line":333,"column":12451}},"70":{"start":{"line":336,"column":12},"end":{"line":336,"column":46}},"71":{"start":{"line":341,"column":8},"end":{"line":341,"column":77}},"72":{"start":{"line":343,"column":8},"end":{"line":343,"column":64}},"73":{"start":{"line":345,"column":8},"end":{"line":345,"column":12943}},"74":{"start":{"line":346,"column":12},"end":{"line":346,"column":13022}},"75":{"start":{"line":348,"column":16},"end":{"line":348,"column":44}},"76":{"start":{"line":349,"column":16},"end":{"line":349,"column":53}},"77":{"start":{"line":350,"column":16},"end":{"line":350,"column":22}},"78":{"start":{"line":352,"column":12},"end":{"line":352,"column":20}},"79":{"start":{"line":353,"column":15},"end":{"line":353,"column":13292}},"80":{"start":{"line":356,"column":12},"end":{"line":356,"column":29}},"81":{"start":{"line":357,"column":15},"end":{"line":357,"column":13463}},"82":{"start":{"line":360,"column":12},"end":{"line":360,"column":30}},"83":{"start":{"line":365,"column":8},"end":{"line":365,"column":29}},"84":{"start":{"line":369,"column":8},"end":{"line":369,"column":28}},"85":{"start":{"line":372,"column":8},"end":{"line":372,"column":31}},"86":{"start":{"line":374,"column":8},"end":{"line":374,"column":13972}},"87":{"start":{"line":375,"column":12},"end":{"line":375,"column":40}},"88":{"start":{"line":376,"column":12},"end":{"line":376,"column":52}},"89":{"start":{"line":378,"column":12},"end":{"line":378,"column":89}},"90":{"start":{"line":379,"column":12},"end":{"line":379,"column":80}},"91":{"start":{"line":380,"column":12},"end":{"line":380,"column":97}},"92":{"start":{"line":387,"column":8},"end":{"line":387,"column":43}},"93":{"start":{"line":388,"column":8},"end":{"line":388,"column":81}},"94":{"start":{"line":390,"column":8},"end":{"line":390,"column":51}},"95":{"start":{"line":394,"column":8},"end":{"line":394,"column":37}},"96":{"start":{"line":395,"column":8},"end":{"line":395,"column":58}},"97":{"start":{"line":400,"column":8},"end":{"line":400,"column":43}},"98":{"start":{"line":401,"column":8},"end":{"line":401,"column":73}},"99":{"start":{"line":403,"column":8},"end":{"line":403,"column":45}}},"branchMap":{"1":{"line":83,"type":"if","locations":[{"start":{"line":83,"column":15},"end":{"line":83,"column":15}},{"start":{"line":83,"column":15},"end":{"line":83,"column":15}}]},"2":{"line":97,"type":"if","locations":[{"start":{"line":97,"column":8},"end":{"line":97,"column":8}},{"start":{"line":97,"column":8},"end":{"line":97,"column":8}}]},"3":{"line":97,"type":"cond-expr","locations":[{"start":{"line":97,"column":16},"end":{"line":97,"column":42}},{"start":{"line":97,"column":47},"end":{"line":97,"column":67}}]},"4":{"line":102,"type":"if","locations":[{"start":{"line":102,"column":8},"end":{"line":102,"column":8}},{"start":{"line":102,"column":8},"end":{"line":102,"column":8}}]},"5":{"line":103,"type":"if","locations":[{"start":{"line":103,"column":8},"end":{"line":103,"column":8}},{"start":{"line":103,"column":8},"end":{"line":103,"column":8}}]},"6":{"line":110,"type":"if","locations":[{"start":{"line":110,"column":81},"end":{"line":110,"column":81}},{"start":{"line":110,"column":81},"end":{"line":110,"column":81}}]},"7":{"line":111,"type":"if","locations":[{"start":{"line":111,"column":8},"end":{"line":111,"column":8}},{"start":{"line":111,"column":8},"end":{"line":111,"column":8}}]},"8":{"line":114,"type":"if","locations":[{"start":{"line":114,"column":63},"end":{"line":114,"column":63}},{"start":{"line":114,"column":63},"end":{"line":114,"column":63}}]},"9":{"line":115,"type":"if","locations":[{"start":{"line":115,"column":8},"end":{"line":115,"column":8}},{"start":{"line":115,"column":8},"end":{"line":115,"column":8}}]},"10":{"line":116,"type":"if","locations":[{"start":{"line":116,"column":8},"end":{"line":116,"column":8}},{"start":{"line":116,"column":8},"end":{"line":116,"column":8}}]},"11":{"line":124,"type":"if","locations":[{"start":{"line":124,"column":15},"end":{"line":124,"column":15}},{"start":{"line":124,"column":15},"end":{"line":124,"column":15}}]},"12":{"line":124,"type":"if","locations":[{"start":{"line":124,"column":25},"end":{"line":124,"column":25}},{"start":{"line":124,"column":25},"end":{"line":124,"column":25}}]},"13":{"line":130,"type":"if","locations":[{"start":{"line":130,"column":107},"end":{"line":130,"column":107}},{"start":{"line":130,"column":107},"end":{"line":130,"column":107}}]},"14":{"line":137,"type":"if","locations":[{"start":{"line":137,"column":54},"end":{"line":137,"column":54}},{"start":{"line":137,"column":54},"end":{"line":137,"column":54}}]},"15":{"line":138,"type":"if","locations":[{"start":{"line":138,"column":8},"end":{"line":138,"column":8}},{"start":{"line":138,"column":8},"end":{"line":138,"column":8}}]},"16":{"line":143,"type":"if","locations":[{"start":{"line":143,"column":62},"end":{"line":143,"column":62}},{"start":{"line":143,"column":62},"end":{"line":143,"column":62}}]},"17":{"line":144,"type":"if","locations":[{"start":{"line":144,"column":8},"end":{"line":144,"column":8}},{"start":{"line":144,"column":8},"end":{"line":144,"column":8}}]},"18":{"line":149,"type":"if","locations":[{"start":{"line":149,"column":53},"end":{"line":149,"column":53}},{"start":{"line":149,"column":53},"end":{"line":149,"column":53}}]},"19":{"line":158,"type":"if","locations":[{"start":{"line":158,"column":52},"end":{"line":158,"column":52}},{"start":{"line":158,"column":52},"end":{"line":158,"column":52}}]},"20":{"line":187,"type":"if","locations":[{"start":{"line":187,"column":34},"end":{"line":187,"column":34}},{"start":{"line":187,"column":34},"end":{"line":187,"column":34}}]},"21":{"line":194,"type":"if","locations":[{"start":{"line":194,"column":35},"end":{"line":194,"column":35}},{"start":{"line":194,"column":35},"end":{"line":194,"column":35}}]},"22":{"line":195,"type":"if","locations":[{"start":{"line":195,"column":8},"end":{"line":195,"column":8}},{"start":{"line":195,"column":8},"end":{"line":195,"column":8}}]},"23":{"line":208,"type":"if","locations":[{"start":{"line":208,"column":15},"end":{"line":208,"column":15}},{"start":{"line":208,"column":15},"end":{"line":208,"column":15}}]},"24":{"line":208,"type":"if","locations":[{"start":{"line":208,"column":29},"end":{"line":208,"column":29}},{"start":{"line":208,"column":29},"end":{"line":208,"column":29}}]},"25":{"line":208,"type":"if","locations":[{"start":{"line":208,"column":45},"end":{"line":208,"column":45}},{"start":{"line":208,"column":45},"end":{"line":208,"column":45}}]},"26":{"line":209,"type":"if","locations":[{"start":{"line":209,"column":8},"end":{"line":209,"column":8}},{"start":{"line":209,"column":8},"end":{"line":209,"column":8}}]},"27":{"line":210,"type":"if","locations":[{"start":{"line":210,"column":8},"end":{"line":210,"column":8}},{"start":{"line":210,"column":8},"end":{"line":210,"column":8}}]},"28":{"line":211,"type":"cond-expr","locations":[{"start":{"line":211,"column":12},"end":{"line":211,"column":56}},{"start":{"line":211,"column":61},"end":{"line":211,"column":106}}]},"29":{"line":233,"type":"if","locations":[{"start":{"line":233,"column":33},"end":{"line":233,"column":33}},{"start":{"line":233,"column":33},"end":{"line":233,"column":33}}]},"30":{"line":234,"type":"if","locations":[{"start":{"line":234,"column":8},"end":{"line":234,"column":8}},{"start":{"line":234,"column":8},"end":{"line":234,"column":8}}]},"31":{"line":235,"type":"if","locations":[{"start":{"line":235,"column":8},"end":{"line":235,"column":8}},{"start":{"line":235,"column":8},"end":{"line":235,"column":8}}]},"32":{"line":236,"type":"if","locations":[{"start":{"line":236,"column":8},"end":{"line":236,"column":8}},{"start":{"line":236,"column":8},"end":{"line":236,"column":8}}]},"33":{"line":238,"type":"if","locations":[{"start":{"line":238,"column":8},"end":{"line":238,"column":8}},{"start":{"line":238,"column":8},"end":{"line":238,"column":8}}]},"34":{"line":241,"type":"if","locations":[{"start":{"line":241,"column":8},"end":{"line":241,"column":8}},{"start":{"line":241,"column":8},"end":{"line":241,"column":8}}]},"35":{"line":245,"type":"if","locations":[{"start":{"line":245,"column":8},"end":{"line":245,"column":8}},{"start":{"line":245,"column":8},"end":{"line":245,"column":8}}]},"36":{"line":260,"type":"if","locations":[{"start":{"line":260,"column":15},"end":{"line":260,"column":15}},{"start":{"line":260,"column":15},"end":{"line":260,"column":15}}]},"37":{"line":261,"type":"if","locations":[{"start":{"line":261,"column":8},"end":{"line":261,"column":8}},{"start":{"line":261,"column":8},"end":{"line":261,"column":8}}]},"38":{"line":306,"type":"if","locations":[{"start":{"line":306,"column":8},"end":{"line":306,"column":8}},{"start":{"line":306,"column":8},"end":{"line":306,"column":8}}]},"39":{"line":315,"type":"if","locations":[{"start":{"line":315,"column":29},"end":{"line":315,"column":29}},{"start":{"line":315,"column":29},"end":{"line":315,"column":29}}]},"40":{"line":321,"type":"if","locations":[{"start":{"line":321,"column":8},"end":{"line":321,"column":8}},{"start":{"line":321,"column":8},"end":{"line":321,"column":8}}]},"41":{"line":327,"type":"if","locations":[{"start":{"line":327,"column":8},"end":{"line":327,"column":8}},{"start":{"line":327,"column":8},"end":{"line":327,"column":8}}]},"42":{"line":333,"type":"if","locations":[{"start":{"line":333,"column":8},"end":{"line":333,"column":8}},{"start":{"line":333,"column":8},"end":{"line":333,"column":8}}]},"43":{"line":341,"type":"if","locations":[{"start":{"line":341,"column":8},"end":{"line":341,"column":8}},{"start":{"line":341,"column":8},"end":{"line":341,"column":8}}]},"44":{"line":345,"type":"if","locations":[{"start":{"line":345,"column":8},"end":{"line":345,"column":8}},{"start":{"line":345,"column":8},"end":{"line":345,"column":8}}]},"45":{"line":346,"type":"if","locations":[{"start":{"line":346,"column":12},"end":{"line":346,"column":12}},{"start":{"line":346,"column":12},"end":{"line":346,"column":12}}]},"46":{"line":353,"type":"if","locations":[{"start":{"line":353,"column":15},"end":{"line":353,"column":15}},{"start":{"line":353,"column":15},"end":{"line":353,"column":15}}]},"47":{"line":357,"type":"if","locations":[{"start":{"line":357,"column":15},"end":{"line":357,"column":15}},{"start":{"line":357,"column":15},"end":{"line":357,"column":15}}]},"48":{"line":378,"type":"if","locations":[{"start":{"line":378,"column":12},"end":{"line":378,"column":12}},{"start":{"line":378,"column":12},"end":{"line":378,"column":12}}]},"49":{"line":379,"type":"if","locations":[{"start":{"line":379,"column":12},"end":{"line":379,"column":12}},{"start":{"line":379,"column":12},"end":{"line":379,"column":12}}]},"50":{"line":380,"type":"if","locations":[{"start":{"line":380,"column":12},"end":{"line":380,"column":12}},{"start":{"line":380,"column":12},"end":{"line":380,"column":12}}]},"51":{"line":388,"type":"if","locations":[{"start":{"line":388,"column":8},"end":{"line":388,"column":8}},{"start":{"line":388,"column":8},"end":{"line":388,"column":8}}]},"52":{"line":393,"type":"if","locations":[{"start":{"line":393,"column":36},"end":{"line":393,"column":36}},{"start":{"line":393,"column":36},"end":{"line":393,"column":36}}]},"53":{"line":395,"type":"if","locations":[{"start":{"line":395,"column":8},"end":{"line":395,"column":8}},{"start":{"line":395,"column":8},"end":{"line":395,"column":8}}]},"54":{"line":401,"type":"if","locations":[{"start":{"line":401,"column":8},"end":{"line":401,"column":8}},{"start":{"line":401,"column":8},"end":{"line":401,"column":8}}]}}},
"src/Mock/MockToken.sol":{"l":{"15":4,"18":1,"21":17,"22":16},"path":"/home/gia/Desktop/lucky_position/packages/contracts/src/Mock/MockToken.sol","s":{"1":4,"2":17,"3":16},"b":{"1":[4,0],"2":[16,1]},"f":{"1":1,"2":4,"3":1,"4":17},"fnMap":{"1":{"name":"constructor","line":12,"loc":{"start":{"line":10,"column":4},"end":{"line":12,"column":55}}},"2":{"name":"mint","line":14,"loc":{"start":{"line":14,"column":4},"end":{"line":16,"column":4}}},"3":{"name":"setTransferShouldFail","line":17,"loc":{"start":{"line":17,"column":4},"end":{"line":19,"column":4}}},"4":{"name":"transferFrom","line":20,"loc":{"start":{"line":20,"column":4},"end":{"line":23,"column":4}}}},"statementMap":{"1":{"start":{"line":15,"column":8},"end":{"line":15,"column":24}},"2":{"start":{"line":21,"column":8},"end":{"line":21,"column":60}},"3":{"start":{"line":22,"column":8},"end":{"line":22,"column":60}}},"branchMap":{"1":{"line":14,"type":"if","locations":[{"start":{"line":14,"column":53},"end":{"line":14,"column":53}},{"start":{"line":14,"column":53},"end":{"line":14,"column":53}}]},"2":{"line":21,"type":"if","locations":[{"start":{"line":21,"column":8},"end":{"line":21,"column":8}},{"start":{"line":21,"column":8},"end":{"line":21,"column":8}}]}}},
"src/Mock/VRFCoordinatorV2_5Mock.sol":{"l":{"57":1,"58":1,"59":1,"60":1,"67":1,"78":1,"82":2,"86":2,"87":0,"89":2,"104":2,"117":2,"118":2,"119":0,"121":2,"123":2,"124":2,"125":2,"126":2,"129":0,"132":2,"133":2,"134":2,"136":2,"137":2,"139":2,"141":2,"142":2,"143":2,"145":2,"147":2,"149":2,"150":2,"154":2,"155":2,"156":0,"157":0,"158":0,"160":0,"161":0,"163":2,"164":2,"165":0,"167":2,"168":2,"179":1,"180":0,"182":1,"183":1,"184":1,"185":1,"192":2,"193":0,"195":2,"196":2,"202":2,"203":2,"204":0,"207":2,"208":2,"210":2,"211":2,"218":2,"229":2,"239":0,"240":0,"242":0,"243":0,"244":0,"245":0,"246":0,"247":0,"248":0,"249":0,"252":0,"253":0,"260":0,"262":0,"263":0,"264":0,"266":0,"270":0},"path":"/home/gia/Desktop/lucky_position/packages/contracts/src/Mock/VRFCoordinatorV2_5Mock.sol","s":{"1":1,"2":1,"3":2,"4":2,"5":2,"6":2,"7":2,"8":2,"9":2,"10":2,"11":0,"12":2,"13":2,"14":2,"15":2,"16":2,"17":2,"18":2,"19":2,"20":2,"21":2,"22":2,"23":0,"24":0,"25":2,"26":2,"27":1,"28":1,"29":1,"30":2,"31":0,"32":2,"33":2,"34":2,"35":2,"36":2,"37":2,"38":2,"39":2,"40":2,"41":0,"42":0,"43":0,"44":0,"45":0,"46":0,"47":0,"48":0,"49":0,"50":0,"51":0,"52":0},"b":{"1":[1,0],"2":[0,2],"3":[2,0],"4":[0,2],"5":[2,0],"6":[0,0],"7":[2,0],"8":[0,2],"9":[0,0],"10":[0,2],"11":[0,1],"12":[0,2],"13":[0,2],"14":[2,0],"15":[2,0],"16":[0,2],"17":[0,0],"18":[0,0],"19":[0,0],"20":[0,0],"21":[0,0],"22":[0,0],"23":[0,0],"24":[0,0]},"f":{"1":1,"2":1,"3":2,"4":2,"5":2,"6":2,"7":2,"8":1,"9":2,"10":2,"11":0,"12":0,"13":0},"fnMap":{"1":{"name":"constructor","line":56,"loc":{"start":{"line":56,"column":2},"end":{"line":61,"column":2}}},"2":{"name":"setConfig","line":66,"loc":{"start":{"line":66,"column":2},"end":{"line":79,"column":2}}},"3":{"name":"consumerIsAdded","line":81,"loc":{"start":{"line":81,"column":2},"end":{"line":83,"column":2}}},"4":{"name":"onlyValidConsumer","line":85,"loc":{"start":{"line":85,"column":2},"end":{"line":90,"column":2}}},"5":{"name":"fulfillRandomWords","line":103,"loc":{"start":{"line":103,"column":2},"end":{"line":105,"column":2}}},"6":{"name":"fulfillRandomWordsWithOverride","line":116,"loc":{"start":{"line":116,"column":2},"end":{"line":151,"column":2}}},"7":{"name":"_chargePayment","line":153,"loc":{"start":{"line":153,"column":2},"end":{"line":170,"column":2}}},"8":{"name":"fundSubscription","line":178,"loc":{"start":{"line":178,"column":2},"end":{"line":186,"column":2}}},"9":{"name":"_fromBytes","line":191,"loc":{"start":{"line":191,"column":2},"end":{"line":197,"column":2}}},"10":{"name":"requestRandomWords","line":201,"loc":{"start":{"line":199,"column":2},"end":{"line":230,"column":2}}},"11":{"name":"removeConsumer","line":238,"loc":{"start":{"line":235,"column":2},"end":{"line":254,"column":2}}},"12":{"name":"cancelSubscription","line":259,"loc":{"start":{"line":259,"column":2},"end":{"line":267,"column":2}}},"13":{"name":"pendingRequestExists","line":269,"loc":{"start":{"line":269,"column":2},"end":{"line":271,"column":2}}}},"statementMap":{"1":{"start":{"line":60,"column":4},"end":{"line":60,"column":14}},"2":{"start":{"line":78,"column":4},"end":{"line":78,"column":20}},"3":{"start":{"line":82,"column":4},"end":{"line":82,"column":48}},"4":{"start":{"line":86,"column":4},"end":{"line":86,"column":2650}},"5":{"start":{"line":104,"column":4},"end":{"line":104,"column":74}},"6":{"start":{"line":117,"column":4},"end":{"line":117,"column":32}},"7":{"start":{"line":118,"column":4},"end":{"line":118,"column":3916}},"8":{"start":{"line":121,"column":4},"end":{"line":121,"column":47}},"9":{"start":{"line":123,"column":4},"end":{"line":123,"column":4048}},"10":{"start":{"line":125,"column":6},"end":{"line":125,"column":4126}},"11":{"start":{"line":128,"column":11},"end":{"line":128,"column":4255}},"12":{"start":{"line":132,"column":4},"end":{"line":132,"column":38}},"13":{"start":{"line":133,"column":4},"end":{"line":133,"column":103}},"14":{"start":{"line":136,"column":4},"end":{"line":136,"column":73}},"15":{"start":{"line":139,"column":4},"end":{"line":139,"column":76}},"16":{"start":{"line":141,"column":4},"end":{"line":141,"column":76}},"17":{"start":{"line":142,"column":4},"end":{"line":142,"column":4860}},"18":{"start":{"line":145,"column":4},"end":{"line":145,"column":39}},"19":{"start":{"line":147,"column":4},"end":{"line":147,"column":52}},"20":{"start":{"line":150,"column":4},"end":{"line":150,"column":104}},"21":{"start":{"line":154,"column":4},"end":{"line":154,"column":61}},"22":{"start":{"line":155,"column":4},"end":{"line":155,"column":5360}},"23":{"start":{"line":156,"column":6},"end":{"line":156,"column":48}},"24":{"start":{"line":157,"column":6},"end":{"line":157,"column":5439}},"25":{"start":{"line":163,"column":6},"end":{"line":163,"column":42}},"26":{"start":{"line":164,"column":6},"end":{"line":164,"column":5665}},"27":{"start":{"line":179,"column":4},"end":{"line":179,"column":6103}},"28":{"start":{"line":182,"column":4},"end":{"line":182,"column":56}},"29":{"start":{"line":185,"column":4},"end":{"line":185,"column":69}},"30":{"start":{"line":192,"column":4},"end":{"line":192,"column":6678}},"31":{"start":{"line":193,"column":6},"end":{"line":193,"column":64}},"32":{"start":{"line":195,"column":4},"end":{"line":195,"column":92}},"33":{"start":{"line":196,"column":4},"end":{"line":196,"column":67}},"34":{"start":{"line":202,"column":4},"end":{"line":202,"column":30}},"35":{"start":{"line":203,"column":4},"end":{"line":203,"column":7164}},"36":{"start":{"line":207,"column":4},"end":{"line":207,"column":41}},"37":{"start":{"line":208,"column":4},"end":{"line":208,"column":37}},"38":{"start":{"line":210,"column":4},"end":{"line":210,"column":90}},"39":{"start":{"line":218,"column":4},"end":{"line":218,"column":7625}},"40":{"start":{"line":229,"column":4},"end":{"line":229,"column":20}},"41":{"start":{"line":239,"column":4},"end":{"line":239,"column":8097}},"42":{"start":{"line":242,"column":4},"end":{"line":242,"column":72}},"43":{"start":{"line":243,"column":4},"end":{"line":243,"column":52}},"44":{"start":{"line":244,"column":4},"end":{"line":244,"column":8330}},"45":{"start":{"line":245,"column":6},"end":{"line":245,"column":8387}},"46":{"start":{"line":246,"column":8},"end":{"line":246,"column":51}},"47":{"start":{"line":248,"column":8},"end":{"line":248,"column":52}},"48":{"start":{"line":253,"column":4},"end":{"line":253,"column":55}},"49":{"start":{"line":260,"column":4},"end":{"line":260,"column":72}},"50":{"start":{"line":262,"column":4},"end":{"line":262,"column":66}},"51":{"start":{"line":263,"column":4},"end":{"line":263,"column":9039}},"52":{"start":{"line":266,"column":4},"end":{"line":266,"column":66}}},"branchMap":{"1":{"line":66,"type":"if","locations":[{"start":{"line":66,"column":30},"end":{"line":66,"column":30}},{"start":{"line":66,"column":30},"end":{"line":66,"column":30}}]},"2":{"line":86,"type":"if","locations":[{"start":{"line":86,"column":4},"end":{"line":86,"column":4}},{"start":{"line":86,"column":4},"end":{"line":86,"column":4}}]},"3":{"line":103,"type":"if","locations":[{"start":{"line":103,"column":78},"end":{"line":103,"column":78}},{"start":{"line":103,"column":78},"end":{"line":103,"column":78}}]},"4":{"line":118,"type":"if","locations":[{"start":{"line":118,"column":4},"end":{"line":118,"column":4}},{"start":{"line":118,"column":4},"end":{"line":118,"column":4}}]},"5":{"line":123,"type":"if","locations":[{"start":{"line":123,"column":4},"end":{"line":123,"column":4}},{"start":{"line":123,"column":4},"end":{"line":123,"column":4}}]},"6":{"line":128,"type":"if","locations":[{"start":{"line":128,"column":11},"end":{"line":128,"column":11}},{"start":{"line":128,"column":11},"end":{"line":128,"column":11}}]},"7":{"line":142,"type":"if","locations":[{"start":{"line":142,"column":4},"end":{"line":142,"column":4}},{"start":{"line":142,"column":4},"end":{"line":142,"column":4}}]},"8":{"line":155,"type":"if","locations":[{"start":{"line":155,"column":4},"end":{"line":155,"column":4}},{"start":{"line":155,"column":4},"end":{"line":155,"column":4}}]},"9":{"line":157,"type":"if","locations":[{"start":{"line":157,"column":6},"end":{"line":157,"column":6}},{"start":{"line":157,"column":6},"end":{"line":157,"column":6}}]},"10":{"line":164,"type":"if","locations":[{"start":{"line":164,"column":6},"end":{"line":164,"column":6}},{"start":{"line":164,"column":6},"end":{"line":164,"column":6}}]},"11":{"line":179,"type":"if","locations":[{"start":{"line":179,"column":4},"end":{"line":179,"column":4}},{"start":{"line":179,"column":4},"end":{"line":179,"column":4}}]},"12":{"line":192,"type":"if","locations":[{"start":{"line":192,"column":4},"end":{"line":192,"column":4}},{"start":{"line":192,"column":4},"end":{"line":192,"column":4}}]},"13":{"line":195,"type":"if","locations":[{"start":{"line":195,"column":4},"end":{"line":195,"column":4}},{"start":{"line":195,"column":4},"end":{"line":195,"column":4}}]},"14":{"line":201,"type":"if","locations":[{"start":{"line":201,"column":22},"end":{"line":201,"column":22}},{"start":{"line":201,"column":22},"end":{"line":201,"column":22}}]},"15":{"line":201,"type":"if","locations":[{"start":{"line":201,"column":35},"end":{"line":201,"column":35}},{"start":{"line":201,"column":35},"end":{"line":201,"column":35}}]},"16":{"line":203,"type":"if","locations":[{"start":{"line":203,"column":4},"end":{"line":203,"column":4}},{"start":{"line":203,"column":4},"end":{"line":203,"column":4}}]},"17":{"line":238,"type":"if","locations":[{"start":{"line":238,"column":22},"end":{"line":238,"column":22}},{"start":{"line":238,"column":22},"end":{"line":238,"column":22}}]},"18":{"line":238,"type":"if","locations":[{"start":{"line":238,"column":43},"end":{"line":238,"column":43}},{"start":{"line":238,"column":43},"end":{"line":238,"column":43}}]},"19":{"line":238,"type":"if","locations":[{"start":{"line":238,"column":80},"end":{"line":238,"column":80}},{"start":{"line":238,"column":80},"end":{"line":238,"column":80}}]},"20":{"line":239,"type":"if","locations":[{"start":{"line":239,"column":4},"end":{"line":239,"column":4}},{"start":{"line":239,"column":4},"end":{"line":239,"column":4}}]},"21":{"line":245,"type":"if","locations":[{"start":{"line":245,"column":6},"end":{"line":245,"column":6}},{"start":{"line":245,"column":6},"end":{"line":245,"column":6}}]},"22":{"line":259,"type":"if","locations":[{"start":{"line":259,"column":77},"end":{"line":259,"column":77}},{"start":{"line":259,"column":77},"end":{"line":259,"column":77}}]},"23":{"line":259,"type":"if","locations":[{"start":{"line":259,"column":98},"end":{"line":259,"column":98}},{"start":{"line":259,"column":98},"end":{"line":259,"column":98}}]},"24":{"line":263,"type":"if","locations":[{"start":{"line":263,"column":4},"end":{"line":263,"column":4}},{"start":{"line":263,"column":4},"end":{"line":263,"column":4}}]}}},
"src/VRFConsumerBaseV2PlusUpgradeable.sol":{"l":{"26":1,"27":1,"28":0,"30":1,"47":2,"48":0,"50":2,"57":0,"58":0,"60":0,"62":0,"66":0,"67":0,"69":0},"path":"/home/gia/Desktop/lucky_position/packages/contracts/src/VRFConsumerBaseV2PlusUpgradeable.sol","s":{"1":1,"2":1,"3":2,"4":2,"5":0,"6":0,"7":0},"b":{"1":[1,0],"2":[0,1],"3":[0,2],"4":[0,0],"5":[0,0],"6":[0,0]},"f":{"1":1,"2":2,"3":0,"4":0},"fnMap":{"1":{"name":"__VRFConsumerBaseV2Plus_init","line":25,"loc":{"start":{"line":25,"column":2},"end":{"line":31,"column":2}}},"2":{"name":"rawFulfillRandomWords","line":46,"loc":{"start":{"line":46,"column":2},"end":{"line":51,"column":2}}},"3":{"name":"setCoordinator","line":56,"loc":{"start":{"line":56,"column":2},"end":{"line":63,"column":2}}},"4":{"name":"onlyOwnerOrCoordinator","line":65,"loc":{"start":{"line":65,"column":2},"end":{"line":70,"column":2}}}},"statementMap":{"1":{"start":{"line":26,"column":4},"end":{"line":26,"column":36}},"2":{"start":{"line":27,"column":4},"end":{"line":27,"column":1430}},"3":{"start":{"line":47,"column":4},"end":{"line":47,"column":2263}},"4":{"start":{"line":50,"column":4},"end":{"line":50,"column":45}},"5":{"start":{"line":57,"column":4},"end":{"line":57,"column":2604}},"6":{"start":{"line":62,"column":4},"end":{"line":62,"column":40}},"7":{"start":{"line":66,"column":4},"end":{"line":66,"column":2828}}},"branchMap":{"1":{"line":25,"type":"if","locations":[{"start":{"line":25,"column":74},"end":{"line":25,"column":74}},{"start":{"line":25,"column":74},"end":{"line":25,"column":74}}]},"2":{"line":27,"type":"if","locations":[{"start":{"line":27,"column":4},"end":{"line":27,"column":4}},{"start":{"line":27,"column":4},"end":{"line":27,"column":4}}]},"3":{"line":47,"type":"if","locations":[{"start":{"line":47,"column":4},"end":{"line":47,"column":4}},{"start":{"line":47,"column":4},"end":{"line":47,"column":4}}]},"4":{"line":56,"type":"if","locations":[{"start":{"line":56,"column":69},"end":{"line":56,"column":69}},{"start":{"line":56,"column":69},"end":{"line":56,"column":69}}]},"5":{"line":57,"type":"if","locations":[{"start":{"line":57,"column":4},"end":{"line":57,"column":4}},{"start":{"line":57,"column":4},"end":{"line":57,"column":4}}]},"6":{"line":66,"type":"if","locations":[{"start":{"line":66,"column":4},"end":{"line":66,"column":4}},{"start":{"line":66,"column":4},"end":{"line":66,"column":4}}]}}}}
